Epoch: [0][0/360]	Time 0.125 (0.125)	Data 0.016 (0.016)	Loss 55.4542 (55.4542)	Count-loss 3.8489 (3.8489)	
Epoch: [0][5/360]	Time 0.155 (0.149)	Data 0.015 (0.016)	Loss 13.9640 (76.6384)	Count-loss 1.3490 (1.1372)	
Epoch: [0][10/360]	Time 0.156 (0.152)	Data 0.015 (0.015)	Loss 43.9762 (137.2502)	Count-loss 1.7146 (7.1495)	
Epoch: [0][15/360]	Time 0.155 (0.153)	Data 0.015 (0.015)	Loss 54.8771 (111.5777)	Count-loss 1.3162 (6.8414)	
Epoch: [0][20/360]	Time 0.155 (0.154)	Data 0.016 (0.015)	Loss 81.7029 (114.3637)	Count-loss 0.5672 (5.7160)	
Epoch: [0][25/360]	Time 0.155 (0.154)	Data 0.016 (0.015)	Loss 17.8253 (101.8494)	Count-loss 0.0922 (5.3259)	
Epoch: [0][30/360]	Time 0.155 (0.154)	Data 0.015 (0.015)	Loss 23.6573 (89.8435)	Count-loss 0.2696 (5.3118)	
Epoch: [0][35/360]	Time 0.155 (0.154)	Data 0.015 (0.015)	Loss 14.2677 (83.3461)	Count-loss 5.0816 (7.7742)	
Epoch: [0][40/360]	Time 0.155 (0.154)	Data 0.016 (0.015)	Loss 29.0200 (75.4679)	Count-loss 1.0726 (7.5566)	
Epoch: [0][45/360]	Time 0.155 (0.155)	Data 0.016 (0.015)	Loss 36.6722 (69.4519)	Count-loss 0.0008 (8.7134)	
Epoch: [0][50/360]	Time 0.155 (0.155)	Data 0.015 (0.015)	Loss 24.7229 (64.4464)	Count-loss 0.7459 (8.0772)	
Epoch: [0][55/360]	Time 0.155 (0.155)	Data 0.015 (0.015)	Loss 242.0371 (64.0146)	Count-loss 0.1894 (7.3914)	
Epoch: [0][60/360]	Time 0.156 (0.155)	Data 0.015 (0.015)	Loss 16.3101 (60.6563)	Count-loss 0.0030 (7.8987)	
Epoch: [0][65/360]	Time 0.156 (0.155)	Data 0.016 (0.015)	Loss 10.7351 (59.3891)	Count-loss 0.1278 (7.4216)	
Epoch: [0][70/360]	Time 0.155 (0.155)	Data 0.016 (0.015)	Loss 177.0757 (60.0562)	Count-loss 0.0997 (6.9230)	
Epoch: [0][75/360]	Time 0.155 (0.155)	Data 0.015 (0.015)	Loss 17.5168 (59.4726)	Count-loss 0.3988 (6.4861)	
Epoch: [0][80/360]	Time 0.155 (0.155)	Data 0.016 (0.015)	Loss 14.4471 (57.4152)	Count-loss 0.1955 (6.0958)	
Epoch: [0][85/360]	Time 0.155 (0.155)	Data 0.015 (0.015)	Loss 10.3407 (56.6890)	Count-loss 2.0450 (5.7794)	
Epoch: [0][90/360]	Time 0.156 (0.155)	Data 0.016 (0.015)	Loss 11.7017 (54.6299)	Count-loss 2.9301 (5.5246)	
Epoch: [0][95/360]	Time 0.156 (0.155)	Data 0.015 (0.015)	Loss 13.1584 (54.3974)	Count-loss 2.2371 (5.2917)	
Epoch: [0][100/360]	Time 0.156 (0.155)	Data 0.015 (0.015)	Loss 70.2509 (54.9538)	Count-loss 0.0503 (5.0599)	
Epoch: [0][105/360]	Time 0.156 (0.155)	Data 0.016 (0.015)	Loss 16.2184 (55.4227)	Count-loss 0.1809 (4.8725)	
Epoch: [0][110/360]	Time 0.156 (0.155)	Data 0.016 (0.015)	Loss 30.4674 (54.1553)	Count-loss 0.1750 (4.6663)	
Epoch: [0][115/360]	Time 0.156 (0.155)	Data 0.015 (0.015)	Loss 13.8520 (53.6140)	Count-loss 5.0655 (4.5353)	
Epoch: [0][120/360]	Time 0.155 (0.155)	Data 0.015 (0.015)	Loss 10.3871 (51.7853)	Count-loss 8.8939 (4.5243)	
Epoch: [0][125/360]	Time 0.155 (0.155)	Data 0.016 (0.015)	Loss 29.9728 (50.3271)	Count-loss 0.1547 (4.5063)	
Epoch: [0][130/360]	Time 0.156 (0.155)	Data 0.016 (0.015)	Loss 12.4628 (49.3162)	Count-loss 0.3721 (4.3431)	
Epoch: [0][135/360]	Time 0.156 (0.155)	Data 0.016 (0.015)	Loss 7.0378 (48.0956)	Count-loss 0.0000 (4.1940)	
Epoch: [0][140/360]	Time 0.156 (0.155)	Data 0.015 (0.015)	Loss 14.1475 (49.9391)	Count-loss 0.4923 (4.0548)	
Epoch: [0][145/360]	Time 0.156 (0.155)	Data 0.015 (0.015)	Loss 87.2008 (49.0735)	Count-loss 0.2831 (3.9569)	
Epoch: [0][150/360]	Time 0.155 (0.155)	Data 0.015 (0.015)	Loss 14.4624 (53.2767)	Count-loss 37.8457 (4.3739)	
Epoch: [0][155/360]	Time 0.156 (0.155)	Data 0.014 (0.015)	Loss 19.4885 (52.1359)	Count-loss 5.6355 (4.3355)	
Epoch: [0][160/360]	Time 0.156 (0.155)	Data 0.015 (0.015)	Loss 16.1822 (51.8494)	Count-loss 5.3871 (4.2620)	
Epoch: [0][165/360]	Time 0.156 (0.155)	Data 0.016 (0.015)	Loss 10.7811 (50.7512)	Count-loss 0.6276 (4.3905)	
Epoch: [0][170/360]	Time 0.156 (0.155)	Data 0.016 (0.015)	Loss 14.7213 (50.6520)	Count-loss 0.8733 (4.2866)	
Epoch: [0][175/360]	Time 0.156 (0.155)	Data 0.015 (0.015)	Loss 76.0980 (51.2465)	Count-loss 0.1694 (4.4276)	
Epoch: [0][180/360]	Time 0.155 (0.155)	Data 0.014 (0.015)	Loss 15.1754 (50.9558)	Count-loss 4.5767 (4.3407)	
Epoch: [0][185/360]	Time 0.156 (0.155)	Data 0.015 (0.015)	Loss 33.7405 (50.9166)	Count-loss 11.1370 (4.3485)	
Epoch: [0][190/360]	Time 0.156 (0.155)	Data 0.015 (0.015)	Loss 51.6830 (51.0270)	Count-loss 0.9585 (4.2591)	
Epoch: [0][195/360]	Time 0.156 (0.155)	Data 0.015 (0.015)	Loss 33.1775 (50.9822)	Count-loss 0.0589 (4.2632)	
Epoch: [0][200/360]	Time 0.156 (0.155)	Data 0.015 (0.015)	Loss 9.7300 (50.3549)	Count-loss 37.2986 (4.3645)	
Epoch: [0][205/360]	Time 0.156 (0.155)	Data 0.015 (0.015)	Loss 14.3362 (49.6213)	Count-loss 0.0227 (4.3009)	
Epoch: [0][210/360]	Time 0.156 (0.155)	Data 0.016 (0.015)	Loss 91.3863 (49.2100)	Count-loss 0.1112 (4.2462)	
Epoch: [0][215/360]	Time 0.155 (0.155)	Data 0.015 (0.015)	Loss 8.4255 (48.5540)	Count-loss 0.1483 (4.1983)	
Epoch: [0][220/360]	Time 0.156 (0.155)	Data 0.015 (0.015)	Loss 160.4296 (50.2287)	Count-loss 0.1511 (4.1220)	
Epoch: [0][225/360]	Time 0.156 (0.155)	Data 0.016 (0.015)	Loss 65.5809 (50.2147)	Count-loss 0.0330 (4.3211)	
Epoch: [0][230/360]	Time 0.156 (0.155)	Data 0.014 (0.015)	Loss 16.1797 (49.6313)	Count-loss 38.8886 (4.4221)	
Epoch: [0][235/360]	Time 0.156 (0.155)	Data 0.016 (0.015)	Loss 17.6457 (49.3972)	Count-loss 42.8020 (4.5180)	
Epoch: [0][240/360]	Time 0.155 (0.155)	Data 0.014 (0.015)	Loss 11.8086 (49.1874)	Count-loss 13.8696 (4.5148)	
Epoch: [0][245/360]	Time 0.156 (0.155)	Data 0.016 (0.015)	Loss 33.5064 (48.8873)	Count-loss 1.0212 (4.4299)	
Epoch: [0][250/360]	Time 0.156 (0.155)	Data 0.015 (0.015)	Loss 14.5977 (48.3380)	Count-loss 5.2655 (4.4046)	
Epoch: [0][255/360]	Time 0.156 (0.155)	Data 0.015 (0.015)	Loss 8.7349 (47.6335)	Count-loss 4.5613 (4.4997)	
Epoch: [0][260/360]	Time 0.155 (0.155)	Data 0.016 (0.015)	Loss 11.0699 (47.2801)	Count-loss 0.0010 (4.4257)	
Epoch: [0][265/360]	Time 0.156 (0.155)	Data 0.016 (0.015)	Loss 7.2962 (46.6938)	Count-loss 0.3991 (4.3604)	
Epoch: [0][270/360]	Time 0.156 (0.155)	Data 0.015 (0.015)	Loss 15.3646 (46.0458)	Count-loss 0.1718 (4.3266)	
Epoch: [0][275/360]	Time 0.156 (0.155)	Data 0.015 (0.015)	Loss 67.5890 (45.8033)	Count-loss 0.4498 (4.2838)	
Epoch: [0][280/360]	Time 0.156 (0.156)	Data 0.015 (0.015)	Loss 324.3603 (46.5133)	Count-loss 0.0930 (4.2164)	
Epoch: [0][285/360]	Time 0.156 (0.156)	Data 0.015 (0.015)	Loss 19.1916 (46.0985)	Count-loss 0.8690 (4.1514)	
Epoch: [0][290/360]	Time 0.156 (0.156)	Data 0.015 (0.015)	Loss 73.3324 (45.9999)	Count-loss 0.0027 (4.0952)	
Epoch: [0][295/360]	Time 0.156 (0.156)	Data 0.015 (0.015)	Loss 25.3192 (45.7850)	Count-loss 0.2091 (4.1056)	
Epoch: [0][300/360]	Time 0.157 (0.156)	Data 0.016 (0.015)	Loss 849.7329 (48.1900)	Count-loss 0.4898 (4.0976)	
Epoch: [0][305/360]	Time 0.156 (0.156)	Data 0.015 (0.015)	Loss 552.9800 (49.7433)	Count-loss 0.0622 (4.1027)	
Epoch: [0][310/360]	Time 0.156 (0.156)	Data 0.015 (0.015)	Loss 49.5543 (49.3595)	Count-loss 51.5718 (4.2133)	
Epoch: [0][315/360]	Time 0.156 (0.156)	Data 0.015 (0.015)	Loss 22.3314 (49.0018)	Count-loss 26.6917 (4.3962)	
Epoch: [0][320/360]	Time 0.156 (0.156)	Data 0.015 (0.015)	Loss 81.0936 (48.9241)	Count-loss 0.7445 (4.3741)	
Epoch: [0][325/360]	Time 0.156 (0.156)	Data 0.015 (0.015)	Loss 18.0832 (49.6522)	Count-loss 29.4995 (4.4048)	
Epoch: [0][330/360]	Time 0.156 (0.156)	Data 0.016 (0.015)	Loss 15.0163 (49.4828)	Count-loss 27.6712 (4.4511)	
Epoch: [0][335/360]	Time 0.156 (0.156)	Data 0.015 (0.015)	Loss 141.7820 (49.7143)	Count-loss 0.0105 (4.3989)	
Epoch: [0][340/360]	Time 0.156 (0.156)	Data 0.014 (0.015)	Loss 23.7251 (51.0306)	Count-loss 12.5927 (4.4684)	
Epoch: [0][345/360]	Time 0.156 (0.156)	Data 0.016 (0.015)	Loss 18.9227 (50.6976)	Count-loss 31.3719 (4.5375)	
Epoch: [0][350/360]	Time 0.156 (0.156)	Data 0.016 (0.015)	Loss 12.4377 (50.4041)	Count-loss 0.3701 (4.4945)	
Epoch: [0][355/360]	Time 0.156 (0.156)	Data 0.016 (0.015)	Loss 8.2317 (50.0378)	Count-loss 0.2704 (4.4347)	
Epoch: [1][0/360]	Time 0.121 (0.121)	Data 0.018 (0.018)	Loss 11.8751 (11.8751)	Count-loss 1.5097 (1.5097)	
Epoch: [1][5/360]	Time 0.156 (0.150)	Data 0.015 (0.016)	Loss 6.2875 (14.6545)	Count-loss 0.5155 (0.4379)	
Epoch: [1][10/360]	Time 0.156 (0.153)	Data 0.015 (0.015)	Loss 99.5407 (29.8896)	Count-loss 0.0089 (0.2618)	
Epoch: [1][15/360]	Time 0.156 (0.154)	Data 0.015 (0.015)	Loss 37.0410 (26.8470)	Count-loss 0.0021 (0.2476)	
Epoch: [1][20/360]	Time 0.156 (0.154)	Data 0.015 (0.015)	Loss 7.1321 (26.7283)	Count-loss 0.4333 (0.2747)	
Epoch: [1][25/360]	Time 0.156 (0.155)	Data 0.015 (0.015)	Loss 20.5880 (49.5238)	Count-loss 3.4450 (0.3689)	
Epoch: [1][30/360]	Time 0.156 (0.155)	Data 0.016 (0.015)	Loss 31.8383 (45.5894)	Count-loss 0.0566 (0.4693)	
Epoch: [1][35/360]	Time 0.156 (0.155)	Data 0.016 (0.015)	Loss 23.0165 (41.3452)	Count-loss 0.0234 (0.9883)	
Epoch: [1][40/360]	Time 0.156 (0.155)	Data 0.016 (0.015)	Loss 35.2457 (39.9628)	Count-loss 0.0159 (1.6577)	
Epoch: [1][45/360]	Time 0.156 (0.155)	Data 0.015 (0.015)	Loss 8.0799 (37.5551)	Count-loss 1.0550 (1.5394)	
Epoch: [1][50/360]	Time 0.156 (0.155)	Data 0.015 (0.015)	Loss 45.9347 (42.0465)	Count-loss 0.1241 (1.5319)	
Epoch: [1][55/360]	Time 0.156 (0.155)	Data 0.016 (0.015)	Loss 40.7351 (39.6418)	Count-loss 0.0294 (1.5696)	
Epoch: [1][60/360]	Time 0.155 (0.155)	Data 0.015 (0.015)	Loss 15.8044 (37.6500)	Count-loss 0.6957 (1.6789)	
Epoch: [1][65/360]	Time 0.156 (0.155)	Data 0.014 (0.015)	Loss 6.0387 (36.2272)	Count-loss 3.9823 (1.7037)	
Epoch: [1][70/360]	Time 0.156 (0.155)	Data 0.016 (0.015)	Loss 7.0684 (35.0897)	Count-loss 0.0094 (1.6621)	
Epoch: [1][75/360]	Time 0.155 (0.155)	Data 0.016 (0.015)	Loss 31.5388 (33.6744)	Count-loss 0.0468 (1.7803)	
Epoch: [1][80/360]	Time 0.156 (0.155)	Data 0.015 (0.015)	Loss 58.8553 (32.9366)	Count-loss 0.0927 (1.7473)	
Epoch: [1][85/360]	Time 0.156 (0.155)	Data 0.015 (0.015)	Loss 35.4497 (32.6572)	Count-loss 0.8192 (2.1013)	
Epoch: [1][90/360]	Time 0.156 (0.155)	Data 0.015 (0.015)	Loss 11.1631 (31.4007)	Count-loss 2.2399 (2.0843)	
Epoch: [1][95/360]	Time 0.156 (0.155)	Data 0.016 (0.015)	Loss 76.1429 (33.4690)	Count-loss 0.0022 (1.9795)	
Epoch: [1][100/360]	Time 0.156 (0.156)	Data 0.016 (0.015)	Loss 75.9406 (39.9705)	Count-loss 0.0611 (1.9227)	
Epoch: [1][105/360]	Time 0.157 (0.156)	Data 0.015 (0.015)	Loss 322.3889 (42.2051)	Count-loss 0.8974 (1.8984)	
Epoch: [1][110/360]	Time 0.156 (0.156)	Data 0.015 (0.015)	Loss 26.1841 (41.4417)	Count-loss 5.8382 (1.9925)	
Epoch: [1][115/360]	Time 0.156 (0.156)	Data 0.015 (0.015)	Loss 88.1336 (41.2826)	Count-loss 1.2190 (1.9791)	
Epoch: [1][120/360]	Time 0.156 (0.156)	Data 0.015 (0.015)	Loss 43.4143 (40.4905)	Count-loss 2.6920 (2.0151)	
Epoch: [1][125/360]	Time 0.156 (0.156)	Data 0.016 (0.015)	Loss 19.8335 (40.4203)	Count-loss 1.2066 (1.9517)	
Epoch: [1][130/360]	Time 0.156 (0.156)	Data 0.015 (0.015)	Loss 98.1449 (40.8616)	Count-loss 0.0291 (1.8872)	
Epoch: [1][135/360]	Time 0.156 (0.156)	Data 0.017 (0.015)	Loss 24.8325 (40.4683)	Count-loss 0.3296 (1.8509)	
Epoch: [1][140/360]	Time 0.156 (0.156)	Data 0.016 (0.015)	Loss 4.8685 (39.4974)	Count-loss 0.2085 (1.9468)	
Epoch: [1][145/360]	Time 0.156 (0.156)	Data 0.015 (0.015)	Loss 15.2490 (39.7488)	Count-loss 0.4876 (1.9420)	
Epoch: [1][150/360]	Time 0.156 (0.156)	Data 0.015 (0.015)	Loss 27.0080 (39.0749)	Count-loss 1.1305 (1.8959)	
Epoch: [1][155/360]	Time 0.156 (0.156)	Data 0.016 (0.015)	Loss 15.8772 (38.3104)	Count-loss 1.3867 (1.9571)	
Epoch: [1][160/360]	Time 0.156 (0.156)	Data 0.015 (0.015)	Loss 6.8097 (39.4747)	Count-loss 3.4321 (1.9931)	
Epoch: [1][165/360]	Time 0.156 (0.156)	Data 0.015 (0.015)	Loss 125.6255 (39.3722)	Count-loss 0.0617 (1.9624)	
Epoch: [1][170/360]	Time 0.156 (0.156)	Data 0.016 (0.015)	Loss 81.4647 (39.0072)	Count-loss 0.2963 (1.9939)	
Epoch: [1][175/360]	Time 0.156 (0.156)	Data 0.015 (0.015)	Loss 8.7727 (38.7726)	Count-loss 13.7756 (2.0269)	
Epoch: [1][180/360]	Time 0.156 (0.156)	Data 0.015 (0.015)	Loss 12.7345 (38.0409)	Count-loss 0.8472 (2.0166)	
Epoch: [1][185/360]	Time 0.156 (0.156)	Data 0.015 (0.015)	Loss 10.7290 (37.7795)	Count-loss 1.0305 (1.9775)	
Epoch: [1][190/360]	Time 0.156 (0.156)	Data 0.016 (0.015)	Loss 21.0800 (38.7634)	Count-loss 3.6581 (2.0442)	
Epoch: [1][195/360]	Time 0.157 (0.156)	Data 0.016 (0.015)	Loss 12.5187 (38.3787)	Count-loss 11.4373 (2.0821)	
Epoch: [1][200/360]	Time 0.156 (0.156)	Data 0.015 (0.015)	Loss 11.7063 (37.7860)	Count-loss 0.1252 (2.1692)	
Epoch: [1][205/360]	Time 0.156 (0.156)	Data 0.018 (0.015)	Loss 32.3144 (37.4709)	Count-loss 0.2566 (2.3149)	
Epoch: [1][210/360]	Time 0.156 (0.156)	Data 0.015 (0.015)	Loss 11.7407 (36.9282)	Count-loss 5.4364 (2.3138)	
Epoch: [1][215/360]	Time 0.156 (0.156)	Data 0.015 (0.015)	Loss 18.5929 (36.6943)	Count-loss 2.1580 (2.2745)	
Epoch: [1][220/360]	Time 0.156 (0.156)	Data 0.016 (0.015)	Loss 25.8879 (36.5058)	Count-loss 0.6975 (2.2883)	
Epoch: [1][225/360]	Time 0.156 (0.156)	Data 0.015 (0.015)	Loss 31.7047 (36.1678)	Count-loss 0.0049 (2.2691)	
Epoch: [1][230/360]	Time 0.157 (0.156)	Data 0.014 (0.015)	Loss 5.8637 (35.5736)	Count-loss 0.1450 (2.2356)	
Epoch: [1][235/360]	Time 0.156 (0.156)	Data 0.016 (0.015)	Loss 15.3973 (35.0773)	Count-loss 0.4068 (2.1965)	
Epoch: [1][240/360]	Time 0.156 (0.156)	Data 0.016 (0.015)	Loss 9.5522 (34.6784)	Count-loss 0.3317 (2.1624)	
Epoch: [1][245/360]	Time 0.156 (0.156)	Data 0.015 (0.015)	Loss 6.2893 (34.4923)	Count-loss 0.2302 (2.1249)	
Epoch: [1][250/360]	Time 0.156 (0.156)	Data 0.015 (0.015)	Loss 64.6750 (34.2089)	Count-loss 0.0231 (2.1169)	
Epoch: [1][255/360]	Time 0.156 (0.156)	Data 0.015 (0.015)	Loss 27.2330 (33.7847)	Count-loss 0.1021 (2.0812)	
Epoch: [1][260/360]	Time 0.156 (0.156)	Data 0.016 (0.015)	Loss 23.7466 (36.1782)	Count-loss 1.4810 (2.0527)	
Epoch: [1][265/360]	Time 0.156 (0.156)	Data 0.015 (0.015)	Loss 26.1804 (36.8888)	Count-loss 1.3915 (2.0792)	
Epoch: [1][270/360]	Time 0.156 (0.156)	Data 0.016 (0.015)	Loss 10.0110 (39.2142)	Count-loss 9.3343 (2.0841)	
Epoch: [1][275/360]	Time 0.156 (0.156)	Data 0.014 (0.015)	Loss 8.8739 (39.1037)	Count-loss 0.0021 (2.0926)	
Epoch: [1][280/360]	Time 0.156 (0.156)	Data 0.015 (0.015)	Loss 26.2321 (38.9706)	Count-loss 0.6531 (2.2660)	
Epoch: [1][285/360]	Time 0.156 (0.156)	Data 0.015 (0.015)	Loss 25.5500 (38.7784)	Count-loss 0.9860 (2.2853)	
Epoch: [1][290/360]	Time 0.156 (0.156)	Data 0.015 (0.015)	Loss 14.5875 (38.8709)	Count-loss 6.2816 (2.9082)	
Epoch: [1][295/360]	Time 0.156 (0.156)	Data 0.015 (0.015)	Loss 33.8837 (39.2408)	Count-loss 0.0960 (2.8629)	
Epoch: [1][300/360]	Time 0.156 (0.156)	Data 0.015 (0.015)	Loss 41.3406 (39.3276)	Count-loss 0.0188 (2.8397)	
Epoch: [1][305/360]	Time 0.156 (0.156)	Data 0.016 (0.015)	Loss 10.4294 (38.8822)	Count-loss 1.3940 (2.7990)	
Epoch: [1][310/360]	Time 0.156 (0.156)	Data 0.016 (0.015)	Loss 17.5470 (38.9061)	Count-loss 0.0338 (2.7741)	
Epoch: [1][315/360]	Time 0.156 (0.156)	Data 0.019 (0.015)	Loss 16.4257 (38.6016)	Count-loss 0.0773 (2.7314)	
Epoch: [1][320/360]	Time 0.156 (0.156)	Data 0.014 (0.015)	Loss 4.8638 (38.1855)	Count-loss 0.1041 (2.6978)	
Epoch: [1][325/360]	Time 0.156 (0.156)	Data 0.016 (0.015)	Loss 97.7509 (38.0346)	Count-loss 0.0201 (2.6657)	
Epoch: [1][330/360]	Time 0.156 (0.156)	Data 0.019 (0.015)	Loss 9.0691 (37.6002)	Count-loss 0.6374 (2.6317)	
Epoch: [1][335/360]	Time 0.156 (0.156)	Data 0.015 (0.016)	Loss 62.2045 (37.3406)	Count-loss 0.0057 (2.5934)	
Epoch: [1][340/360]	Time 0.156 (0.156)	Data 0.015 (0.016)	Loss 22.0508 (37.2236)	Count-loss 0.3437 (2.5678)	
Epoch: [1][345/360]	Time 0.156 (0.156)	Data 0.015 (0.016)	Loss 22.2883 (37.0451)	Count-loss 0.0575 (2.5317)	
Epoch: [1][350/360]	Time 0.157 (0.156)	Data 0.015 (0.016)	Loss 4.8276 (36.7908)	Count-loss 0.4760 (2.4972)	
Epoch: [1][355/360]	Time 0.156 (0.156)	Data 0.015 (0.016)	Loss 11.9149 (36.6026)	Count-loss 0.4246 (2.4713)	
Epoch: [2][0/360]	Time 0.118 (0.118)	Data 0.015 (0.015)	Loss 27.1021 (27.1021)	Count-loss 0.3906 (0.3906)	
Epoch: [2][5/360]	Time 0.156 (0.174)	Data 0.018 (0.048)	Loss 17.7152 (14.9740)	Count-loss 0.1509 (0.6618)	
Epoch: [2][10/360]	Time 0.156 (0.166)	Data 0.015 (0.033)	Loss 6.7165 (24.5946)	Count-loss 8.7724 (1.8795)	
Epoch: [2][15/360]	Time 0.156 (0.163)	Data 0.015 (0.028)	Loss 15.5904 (27.3035)	Count-loss 0.0567 (1.5902)	
Epoch: [2][20/360]	Time 0.156 (0.161)	Data 0.016 (0.025)	Loss 19.4063 (27.0436)	Count-loss 0.1047 (2.9918)	
Epoch: [2][25/360]	Time 0.156 (0.160)	Data 0.017 (0.023)	Loss 27.1061 (26.4384)	Count-loss 0.5253 (2.5656)	
Epoch: [2][30/360]	Time 0.156 (0.160)	Data 0.017 (0.022)	Loss 12.1510 (26.3371)	Count-loss 28.5851 (3.1078)	
Epoch: [2][35/360]	Time 0.156 (0.159)	Data 0.016 (0.021)	Loss 13.2398 (25.5058)	Count-loss 1.5892 (2.7931)	
Epoch: [2][40/360]	Time 0.156 (0.159)	Data 0.015 (0.021)	Loss 35.6838 (26.9616)	Count-loss 0.0192 (2.5273)	
Epoch: [2][45/360]	Time 0.156 (0.158)	Data 0.016 (0.020)	Loss 12.0819 (25.3123)	Count-loss 0.7140 (2.4922)	
Epoch: [2][50/360]	Time 0.156 (0.158)	Data 0.015 (0.020)	Loss 33.2433 (25.2089)	Count-loss 0.3043 (2.2858)	
Epoch: [2][55/360]	Time 0.156 (0.158)	Data 0.016 (0.019)	Loss 17.3374 (24.4770)	Count-loss 1.6876 (2.1419)	
Epoch: [2][60/360]	Time 0.156 (0.158)	Data 0.016 (0.019)	Loss 11.9574 (24.1412)	Count-loss 5.2848 (2.0708)	
Epoch: [2][65/360]	Time 0.156 (0.158)	Data 0.016 (0.019)	Loss 8.4257 (23.3197)	Count-loss 0.5103 (2.0379)	
Epoch: [2][70/360]	Time 0.156 (0.158)	Data 0.016 (0.018)	Loss 5.7238 (23.3194)	Count-loss 0.0351 (2.0928)	
Epoch: [2][75/360]	Time 0.156 (0.157)	Data 0.016 (0.018)	Loss 6.9168 (22.8561)	Count-loss 0.3362 (2.1713)	
Epoch: [2][80/360]	Time 0.156 (0.157)	Data 0.016 (0.018)	Loss 11.9866 (22.5182)	Count-loss 0.1946 (2.1176)	
Epoch: [2][85/360]	Time 0.156 (0.157)	Data 0.015 (0.018)	Loss 54.8686 (23.3996)	Count-loss 0.0104 (2.0402)	
Epoch: [2][90/360]	Time 0.156 (0.157)	Data 0.015 (0.018)	Loss 20.0104 (24.5828)	Count-loss 0.0034 (1.9350)	
Epoch: [2][95/360]	Time 0.156 (0.157)	Data 0.015 (0.018)	Loss 5.8747 (24.4853)	Count-loss 0.2092 (1.8449)	
Epoch: [2][100/360]	Time 0.156 (0.157)	Data 0.015 (0.018)	Loss 15.1947 (25.6867)	Count-loss 0.3054 (1.7743)	
Epoch: [2][105/360]	Time 0.156 (0.157)	Data 0.015 (0.017)	Loss 12.4331 (29.4192)	Count-loss 0.0807 (1.7105)	
Epoch: [2][110/360]	Time 0.156 (0.157)	Data 0.016 (0.017)	Loss 61.0702 (29.3002)	Count-loss 0.0269 (1.6427)	
Epoch: [2][115/360]	Time 0.156 (0.157)	Data 0.016 (0.017)	Loss 7.9044 (28.4315)	Count-loss 1.8167 (1.7808)	
Epoch: [2][120/360]	Time 0.156 (0.157)	Data 0.015 (0.017)	Loss 10.0522 (27.9816)	Count-loss 4.4268 (1.8118)	
Epoch: [2][125/360]	Time 0.156 (0.157)	Data 0.016 (0.017)	Loss 12.2851 (29.0365)	Count-loss 1.2463 (1.7599)	
Epoch: [2][130/360]	Time 0.155 (0.157)	Data 0.016 (0.017)	Loss 18.7273 (29.1110)	Count-loss 0.0670 (1.7344)	
