Epoch: [0][0/90]	Time 6.846 (6.846)	Data 0.149 (0.149)	Loss 33.2407 (33.2407)	Count-loss 2.9564 (2.9564)	
Epoch: [0][5/90]	Time 10.032 (9.515)	Data 0.121 (0.140)	Loss 7.2771 (56.4328)	Count-loss 0.8258 (2.3765)	
Epoch: [0][10/90]	Time 10.052 (9.771)	Data 0.220 (0.142)	Loss 30.9040 (58.5843)	Count-loss 0.6454 (1.9985)	
Epoch: [0][15/90]	Time 10.037 (9.866)	Data 0.119 (0.143)	Loss 8.9071 (65.1357)	Count-loss 18.8844 (4.6592)	
Epoch: [0][20/90]	Time 10.123 (9.915)	Data 0.123 (0.139)	Loss 60.0248 (70.0216)	Count-loss 0.3862 (3.9099)	
Epoch: [0][25/90]	Time 10.067 (9.944)	Data 0.119 (0.140)	Loss 31.9604 (74.9803)	Count-loss 17.6354 (6.2101)	
Epoch: [0][30/90]	Time 10.079 (9.965)	Data 0.118 (0.140)	Loss 99.9647 (76.5444)	Count-loss 4.3230 (6.2507)	
Epoch: [0][35/90]	Time 10.059 (9.980)	Data 0.139 (0.142)	Loss 13.4379 (75.8944)	Count-loss 8.1977 (5.9318)	
Epoch: [0][40/90]	Time 10.073 (9.990)	Data 0.157 (0.143)	Loss 41.3192 (71.1332)	Count-loss 8.1260 (6.0961)	
Epoch: [0][45/90]	Time 10.083 (9.998)	Data 0.159 (0.145)	Loss 46.4232 (68.9730)	Count-loss 2.5116 (6.4471)	
Epoch: [0][50/90]	Time 10.057 (10.004)	Data 0.160 (0.145)	Loss 233.1313 (74.8181)	Count-loss 1.8892 (6.0306)	
Epoch: [0][55/90]	Time 10.048 (10.009)	Data 0.123 (0.144)	Loss 86.0043 (73.7302)	Count-loss 1.7230 (5.6308)	
Epoch: [0][60/90]	Time 10.100 (10.014)	Data 0.120 (0.143)	Loss 83.3199 (72.7160)	Count-loss 1.1414 (5.2663)	
Epoch: [0][65/90]	Time 10.056 (10.017)	Data 0.161 (0.144)	Loss 82.2030 (71.2134)	Count-loss 0.8357 (4.9403)	
Epoch: [0][70/90]	Time 10.067 (10.021)	Data 0.128 (0.143)	Loss 94.5737 (69.0338)	Count-loss 4.3386 (5.0358)	
Epoch: [0][75/90]	Time 10.044 (10.024)	Data 0.121 (0.144)	Loss 201.6383 (69.2280)	Count-loss 8.3419 (5.7711)	
Epoch: [0][80/90]	Time 10.037 (10.025)	Data 0.126 (0.143)	Loss 42.2431 (73.8238)	Count-loss 1.9477 (5.5839)	
Epoch: [0][85/90]	Time 10.066 (10.027)	Data 0.121 (0.143)	Loss 8.5720 (75.4005)	Count-loss 2.0138 (5.7429)	
Epoch: [1][0/90]	Time 6.909 (6.909)	Data 0.212 (0.212)	Loss 29.0788 (29.0788)	Count-loss 0.2335 (0.2335)	
Epoch: [1][5/90]	Time 10.109 (9.550)	Data 0.121 (0.152)	Loss 31.4326 (46.7928)	Count-loss 21.5933 (4.1583)	
Epoch: [1][10/90]	Time 10.053 (9.777)	Data 0.124 (0.147)	Loss 78.6331 (52.3993)	Count-loss 6.3837 (3.5261)	
Epoch: [1][15/90]	Time 10.064 (9.864)	Data 0.149 (0.142)	Loss 59.3978 (85.6241)	Count-loss 2.4786 (3.2952)	
Epoch: [1][20/90]	Time 10.099 (9.911)	Data 0.154 (0.139)	Loss 40.4682 (75.8033)	Count-loss 8.6652 (3.8051)	
Epoch: [1][25/90]	Time 10.050 (9.943)	Data 0.122 (0.141)	Loss 162.0001 (70.8414)	Count-loss 2.3434 (4.5538)	
Epoch: [1][30/90]	Time 10.061 (9.963)	Data 0.131 (0.140)	Loss 42.2730 (71.3080)	Count-loss 7.4367 (4.5752)	
Epoch: [1][35/90]	Time 10.032 (9.977)	Data 0.121 (0.141)	Loss 38.9235 (71.1762)	Count-loss 0.9499 (4.2843)	
Epoch: [1][40/90]	Time 10.057 (9.988)	Data 0.121 (0.141)	Loss 30.2222 (73.5713)	Count-loss 0.4016 (3.8815)	
Epoch: [1][45/90]	Time 10.052 (9.999)	Data 0.151 (0.141)	Loss 29.6870 (71.0471)	Count-loss 0.3737 (3.5741)	
Epoch: [1][50/90]	Time 10.061 (10.005)	Data 0.111 (0.139)	Loss 36.0344 (66.3437)	Count-loss 0.6268 (3.9245)	
Epoch: [1][55/90]	Time 10.072 (10.012)	Data 0.164 (0.140)	Loss 76.7772 (67.5036)	Count-loss 2.7916 (4.4110)	
Epoch: [1][60/90]	Time 10.027 (10.017)	Data 0.163 (0.141)	Loss 44.6141 (66.7733)	Count-loss 15.3159 (4.6363)	
Epoch: [1][65/90]	Time 10.075 (10.021)	Data 0.125 (0.141)	Loss 49.4902 (66.3617)	Count-loss 6.9060 (4.5840)	
Epoch: [1][70/90]	Time 10.070 (10.025)	Data 0.109 (0.142)	Loss 85.0424 (65.0309)	Count-loss 1.5555 (4.6640)	
Epoch: [1][75/90]	Time 10.121 (10.030)	Data 0.157 (0.142)	Loss 55.6671 (66.2455)	Count-loss 1.3827 (4.4601)	
Epoch: [1][80/90]	Time 10.041 (10.032)	Data 0.118 (0.142)	Loss 78.6034 (67.5216)	Count-loss 3.4516 (4.2963)	
Epoch: [1][85/90]	Time 10.063 (10.035)	Data 0.156 (0.143)	Loss 140.0154 (72.2512)	Count-loss 4.9808 (4.3244)	
Epoch: [2][0/90]	Time 6.848 (6.848)	Data 0.149 (0.149)	Loss 362.6132 (362.6132)	Count-loss 0.9872 (0.9872)	
Epoch: [2][5/90]	Time 10.118 (9.551)	Data 0.107 (0.137)	Loss 53.1449 (145.2165)	Count-loss 10.6014 (5.2278)	
Epoch: [2][10/90]	Time 10.045 (9.777)	Data 0.115 (0.126)	Loss 25.1541 (113.9341)	Count-loss 4.0942 (7.3368)	
Epoch: [2][15/90]	Time 10.096 (9.869)	Data 0.159 (0.129)	Loss 26.6480 (96.2965)	Count-loss 2.0453 (9.7109)	
Epoch: [2][20/90]	Time 10.098 (9.918)	Data 0.159 (0.135)	Loss 42.6805 (84.9873)	Count-loss 1.6774 (12.6306)	
Epoch: [2][25/90]	Time 10.050 (9.944)	Data 0.113 (0.135)	Loss 14.5838 (75.4393)	Count-loss 0.8883 (10.6249)	
Epoch: [2][30/90]	Time 10.036 (9.963)	Data 0.122 (0.136)	Loss 31.6680 (71.1062)	Count-loss 1.2994 (9.0996)	
Epoch: [2][35/90]	Time 10.096 (9.978)	Data 0.113 (0.135)	Loss 42.4251 (76.9620)	Count-loss 1.6983 (8.1368)	
Epoch: [2][40/90]	Time 10.060 (9.988)	Data 0.179 (0.136)	Loss 27.9563 (75.9085)	Count-loss 1.9173 (7.3403)	
Epoch: [2][45/90]	Time 10.077 (9.996)	Data 0.139 (0.136)	Loss 25.6988 (77.0599)	Count-loss 2.1943 (6.7286)	
Epoch: [2][50/90]	Time 10.054 (10.005)	Data 0.152 (0.136)	Loss 98.4883 (78.1763)	Count-loss 0.7735 (6.5671)	
Epoch: [2][55/90]	Time 10.029 (10.009)	Data 0.113 (0.136)	Loss 117.4652 (76.3726)	Count-loss 1.1798 (6.9579)	
Epoch: [2][60/90]	Time 10.054 (10.012)	Data 0.110 (0.135)	Loss 26.8454 (72.0002)	Count-loss 0.4196 (7.3095)	
Epoch: [2][65/90]	Time 10.095 (10.016)	Data 0.129 (0.135)	Loss 31.2531 (73.5825)	Count-loss 19.5451 (7.4585)	
Epoch: [2][70/90]	Time 10.075 (10.019)	Data 0.148 (0.136)	Loss 7.0893 (73.4522)	Count-loss 3.1244 (7.1547)	
Epoch: [2][75/90]	Time 10.043 (10.022)	Data 0.112 (0.136)	Loss 16.0078 (73.1169)	Count-loss 4.4174 (6.8824)	
Epoch: [2][80/90]	Time 10.072 (10.025)	Data 0.159 (0.135)	Loss 42.5768 (72.8095)	Count-loss 1.6584 (6.6491)	
Epoch: [2][85/90]	Time 10.040 (10.026)	Data 0.143 (0.136)	Loss 166.2771 (73.9051)	Count-loss 2.4597 (6.3837)	
Epoch: [3][0/90]	Time 6.890 (6.890)	Data 0.172 (0.172)	Loss 196.9570 (196.9570)	Count-loss 1.3626 (1.3626)	
Epoch: [3][5/90]	Time 10.054 (9.540)	Data 0.149 (0.157)	Loss 23.2368 (71.7316)	Count-loss 5.1042 (3.5073)	
Epoch: [3][10/90]	Time 10.118 (9.784)	Data 0.159 (0.147)	Loss 76.9250 (84.7299)	Count-loss 7.3396 (5.5562)	
Epoch: [3][15/90]	Time 10.033 (9.863)	Data 0.130 (0.141)	Loss 74.4818 (99.9167)	Count-loss 12.5735 (5.5145)	
Epoch: [3][20/90]	Time 10.042 (9.905)	Data 0.113 (0.136)	Loss 20.9428 (92.2971)	Count-loss 9.5108 (5.9235)	
Epoch: [3][25/90]	Time 10.056 (9.931)	Data 0.136 (0.135)	Loss 150.8529 (100.2806)	Count-loss 0.9923 (9.5534)	
Epoch: [3][30/90]	Time 10.113 (9.955)	Data 0.128 (0.137)	Loss 87.0232 (92.1477)	Count-loss 1.7083 (8.8402)	
Epoch: [3][35/90]	Time 10.045 (9.969)	Data 0.124 (0.138)	Loss 47.8453 (82.6420)	Count-loss 1.5335 (7.7590)	
Epoch: [3][40/90]	Time 10.040 (9.980)	Data 0.157 (0.138)	Loss 11.6296 (79.3948)	Count-loss 0.8552 (7.0156)	
Epoch: [3][45/90]	Time 10.038 (9.988)	Data 0.112 (0.139)	Loss 169.3884 (81.3572)	Count-loss 1.3806 (6.5758)	
Epoch: [3][50/90]	Time 10.078 (9.995)	Data 0.153 (0.138)	Loss 18.3542 (80.1744)	Count-loss 2.6904 (6.2361)	
Epoch: [3][55/90]	Time 10.069 (10.002)	Data 0.150 (0.139)	Loss 11.0118 (78.3638)	Count-loss 7.6440 (6.1401)	
Epoch: [3][60/90]	Time 10.074 (10.008)	Data 0.162 (0.140)	Loss 114.8363 (82.7516)	Count-loss 17.3271 (6.1309)	
Epoch: [3][65/90]	Time 10.097 (10.014)	Data 0.118 (0.140)	Loss 42.3842 (80.0617)	Count-loss 1.9379 (5.9774)	
Epoch: [3][70/90]	Time 10.088 (10.017)	Data 0.152 (0.140)	Loss 31.5245 (77.3408)	Count-loss 0.5604 (5.7297)	
Epoch: [3][75/90]	Time 10.067 (10.021)	Data 0.152 (0.140)	Loss 13.0199 (79.0827)	Count-loss 3.3047 (5.6165)	
Epoch: [3][80/90]	Time 10.056 (10.025)	Data 0.178 (0.141)	Loss 22.8264 (76.2886)	Count-loss 3.7487 (5.7606)	
Epoch: [3][85/90]	Time 10.084 (10.028)	Data 0.124 (0.142)	Loss 39.7032 (73.5145)	Count-loss 8.4149 (5.6258)	
Epoch: [4][0/90]	Time 6.876 (6.876)	Data 0.174 (0.174)	Loss 31.7416 (31.7416)	Count-loss 1.9080 (1.9080)	
Epoch: [4][5/90]	Time 10.036 (9.525)	Data 0.114 (0.134)	Loss 79.8950 (49.9301)	Count-loss 1.9375 (3.8187)	
Epoch: [4][10/90]	Time 10.093 (9.774)	Data 0.129 (0.136)	Loss 103.4167 (54.1906)	Count-loss 13.3327 (3.7358)	
Epoch: [4][15/90]	Time 10.078 (9.869)	Data 0.145 (0.137)	Loss 108.1084 (53.6097)	Count-loss 3.7707 (3.2116)	
Epoch: [4][20/90]	Time 10.107 (9.920)	Data 0.149 (0.139)	Loss 24.8030 (64.2206)	Count-loss 1.3964 (3.0481)	
Epoch: [4][25/90]	Time 10.035 (9.949)	Data 0.158 (0.141)	Loss 8.1204 (66.1453)	Count-loss 10.1415 (4.0720)	
Epoch: [4][30/90]	Time 10.098 (9.970)	Data 0.131 (0.139)	Loss 63.3720 (72.1961)	Count-loss 1.6030 (4.3876)	
Epoch: [4][35/90]	Time 10.053 (9.981)	Data 0.189 (0.141)	Loss 24.5153 (80.5257)	Count-loss 0.8712 (3.9938)	
Epoch: [4][40/90]	Time 10.119 (9.993)	Data 0.157 (0.141)	Loss 48.0498 (81.1958)	Count-loss 0.5377 (3.9946)	
Epoch: [4][45/90]	Time 10.089 (10.001)	Data 0.165 (0.142)	Loss 175.8336 (84.3614)	Count-loss 4.0319 (4.4359)	
Epoch: [4][50/90]	Time 10.100 (10.009)	Data 0.127 (0.141)	Loss 31.0957 (82.2077)	Count-loss 6.5181 (5.0236)	
Epoch: [4][55/90]	Time 10.088 (10.016)	Data 0.118 (0.139)	Loss 38.7325 (77.4401)	Count-loss 34.0189 (5.7709)	
Epoch: [4][60/90]	Time 10.053 (10.021)	Data 0.151 (0.141)	Loss 42.2649 (76.5248)	Count-loss 0.9256 (5.5365)	
Epoch: [4][65/90]	Time 10.053 (10.024)	Data 0.115 (0.139)	Loss 58.3283 (73.0868)	Count-loss 1.6280 (5.2303)	
Epoch: [4][70/90]	Time 10.038 (10.025)	Data 0.160 (0.140)	Loss 92.2650 (72.6398)	Count-loss 2.2609 (4.9975)	
Epoch: [4][75/90]	Time 10.037 (10.028)	Data 0.114 (0.140)	Loss 62.1446 (71.7924)	Count-loss 1.1324 (4.7565)	
Epoch: [4][80/90]	Time 10.064 (10.031)	Data 0.148 (0.140)	Loss 38.0696 (73.4003)	Count-loss 3.7157 (4.5597)	
Epoch: [4][85/90]	Time 10.088 (10.033)	Data 0.105 (0.140)	Loss 50.0091 (72.9431)	Count-loss 0.9385 (4.4569)	
Epoch: [5][0/90]	Time 6.887 (6.887)	Data 0.186 (0.186)	Loss 26.1708 (26.1708)	Count-loss 19.9501 (19.9501)	
Epoch: [5][5/90]	Time 10.028 (9.541)	Data 0.150 (0.159)	Loss 74.1934 (27.6443)	Count-loss 13.8224 (12.9270)	
Epoch: [5][10/90]	Time 10.058 (9.781)	Data 0.113 (0.140)	Loss 35.3333 (46.2552)	Count-loss 5.0880 (8.4690)	
Epoch: [5][15/90]	Time 10.061 (9.868)	Data 0.155 (0.137)	Loss 134.7942 (51.9292)	Count-loss 1.6741 (6.4891)	
Epoch: [5][20/90]	Time 10.063 (9.914)	Data 0.154 (0.139)	Loss 215.1199 (63.3493)	Count-loss 1.5185 (5.3108)	
Epoch: [5][25/90]	Time 10.094 (9.941)	Data 0.113 (0.135)	Loss 44.2034 (58.4356)	Count-loss 5.7432 (4.6885)	
Epoch: [5][30/90]	Time 10.089 (9.962)	Data 0.126 (0.136)	Loss 94.2359 (65.1202)	Count-loss 0.8229 (4.1909)	
Epoch: [5][35/90]	Time 10.060 (9.975)	Data 0.158 (0.136)	Loss 144.7233 (65.2458)	Count-loss 0.9054 (5.5672)	
Epoch: [5][40/90]	Time 10.115 (9.989)	Data 0.148 (0.137)	Loss 49.1292 (63.9206)	Count-loss 1.7019 (5.2886)	
Epoch: [5][45/90]	Time 10.064 (9.998)	Data 0.156 (0.138)	Loss 29.6593 (59.7869)	Count-loss 31.3196 (5.8882)	
Epoch: [5][50/90]	Time 10.092 (10.005)	Data 0.111 (0.139)	Loss 22.1898 (62.9040)	Count-loss 0.4835 (5.4343)	
Epoch: [5][55/90]	Time 10.064 (10.012)	Data 0.140 (0.140)	Loss 95.0832 (61.9680)	Count-loss 4.9409 (5.1410)	
Epoch: [5][60/90]	Time 10.082 (10.017)	Data 0.123 (0.139)	Loss 11.8730 (61.7171)	Count-loss 4.1151 (4.9591)	
Epoch: [5][65/90]	Time 10.044 (10.022)	Data 0.125 (0.139)	Loss 51.8325 (67.1880)	Count-loss 1.7678 (4.8885)	
Epoch: [5][70/90]	Time 10.087 (10.026)	Data 0.120 (0.138)	Loss 84.4773 (71.9023)	Count-loss 15.4704 (4.8485)	
Epoch: [5][75/90]	Time 10.054 (10.029)	Data 0.156 (0.138)	Loss 30.7135 (70.2572)	Count-loss 2.8143 (4.9158)	
Epoch: [5][80/90]	Time 10.090 (10.031)	Data 0.112 (0.138)	Loss 49.1587 (73.7148)	Count-loss 2.2258 (4.7673)	
Epoch: [5][85/90]	Time 10.072 (10.033)	Data 0.174 (0.138)	Loss 117.7241 (72.7012)	Count-loss 2.9667 (4.9107)	
Epoch: [6][0/90]	Time 6.872 (6.872)	Data 0.149 (0.149)	Loss 432.7368 (432.7368)	Count-loss 8.8155 (8.8155)	
Epoch: [6][5/90]	Time 10.067 (9.533)	Data 0.142 (0.133)	Loss 52.5374 (136.0302)	Count-loss 6.6233 (3.4034)	
Epoch: [6][10/90]	Time 10.047 (9.776)	Data 0.110 (0.133)	Loss 55.5368 (92.6830)	Count-loss 1.7855 (3.1952)	
Epoch: [6][15/90]	Time 10.043 (9.869)	Data 0.128 (0.130)	Loss 19.5050 (91.6578)	Count-loss 1.2769 (2.7086)	
Epoch: [6][20/90]	Time 10.110 (9.922)	Data 0.157 (0.133)	Loss 195.2581 (87.8475)	Count-loss 17.2764 (5.5450)	
Epoch: [6][25/90]	Time 10.035 (9.952)	Data 0.114 (0.134)	Loss 44.0971 (79.5719)	Count-loss 2.5522 (4.9593)	
Epoch: [6][30/90]	Time 10.034 (9.972)	Data 0.126 (0.131)	Loss 164.3956 (76.3645)	Count-loss 2.1917 (4.4399)	
Epoch: [6][35/90]	Time 10.058 (9.986)	Data 0.152 (0.131)	Loss 26.4009 (73.6611)	Count-loss 0.4686 (3.9610)	
Epoch: [6][40/90]	Time 10.077 (9.998)	Data 0.115 (0.131)	Loss 145.5929 (74.0235)	Count-loss 1.3320 (3.6245)	
Epoch: [6][45/90]	Time 10.095 (10.008)	Data 0.118 (0.133)	Loss 14.2995 (69.9198)	Count-loss 5.8104 (4.3691)	
Epoch: [6][50/90]	Time 10.112 (10.014)	Data 0.131 (0.132)	Loss 83.7461 (74.3806)	Count-loss 0.8102 (4.3826)	
Epoch: [6][55/90]	Time 10.076 (10.018)	Data 0.136 (0.133)	Loss 44.1083 (72.9843)	Count-loss 0.9328 (4.1325)	
Epoch: [6][60/90]	Time 10.041 (10.021)	Data 0.183 (0.134)	Loss 71.2017 (71.9356)	Count-loss 0.5387 (4.4254)	
Epoch: [6][65/90]	Time 10.032 (10.026)	Data 0.134 (0.136)	Loss 11.3442 (73.1615)	Count-loss 8.5447 (4.3405)	
Epoch: [6][70/90]	Time 10.032 (10.028)	Data 0.106 (0.137)	Loss 23.9575 (69.9429)	Count-loss 0.4577 (4.3759)	
Epoch: [6][75/90]	Time 10.113 (10.030)	Data 0.150 (0.137)	Loss 35.8279 (68.8141)	Count-loss 1.2180 (4.1745)	
Epoch: [6][80/90]	Time 10.061 (10.032)	Data 0.114 (0.138)	Loss 111.8910 (69.2022)	Count-loss 3.0867 (4.0479)	
Epoch: [6][85/90]	Time 10.022 (10.035)	Data 0.202 (0.139)	Loss 184.0259 (68.8641)	Count-loss 1.2644 (3.9639)	
Epoch: [7][0/90]	Time 6.860 (6.860)	Data 0.171 (0.171)	Loss 38.4271 (38.4271)	Count-loss 1.6060 (1.6060)	
Epoch: [7][5/90]	Time 10.057 (9.531)	Data 0.109 (0.147)	Loss 31.6065 (48.2783)	Count-loss 5.3902 (2.8388)	
Epoch: [7][10/90]	Time 10.055 (9.784)	Data 0.159 (0.149)	Loss 34.0504 (48.8727)	Count-loss 10.3503 (4.0741)	
Epoch: [7][15/90]	Time 10.110 (9.873)	Data 0.152 (0.149)	Loss 95.4137 (65.0892)	Count-loss 17.0159 (5.3374)	
Epoch: [7][20/90]	Time 10.041 (9.915)	Data 0.114 (0.142)	Loss 46.3736 (74.8837)	Count-loss 1.5391 (4.5841)	
Epoch: [7][25/90]	Time 10.052 (9.942)	Data 0.142 (0.143)	Loss 73.7721 (74.3645)	Count-loss 0.8155 (4.9486)	
Epoch: [7][30/90]	Time 10.083 (9.966)	Data 0.145 (0.143)	Loss 18.2192 (72.2095)	Count-loss 5.7243 (4.9056)	
Epoch: [7][35/90]	Time 10.062 (9.979)	Data 0.322 (0.148)	Loss 19.8259 (82.3924)	Count-loss 0.2582 (4.7923)	
Epoch: [7][40/90]	Time 10.082 (9.989)	Data 0.140 (0.146)	Loss 80.1349 (80.4970)	Count-loss 6.7592 (4.9695)	
Epoch: [7][45/90]	Time 10.114 (9.999)	Data 0.173 (0.145)	Loss 59.0782 (79.6887)	Count-loss 5.8001 (4.6740)	
Epoch: [7][50/90]	Time 10.047 (10.007)	Data 0.114 (0.145)	Loss 94.8471 (82.0449)	Count-loss 0.5469 (4.3289)	
Epoch: [7][55/90]	Time 10.037 (10.012)	Data 0.160 (0.145)	Loss 21.2014 (76.9158)	Count-loss 5.1507 (4.9038)	
Epoch: [7][60/90]	Time 10.068 (10.016)	Data 0.149 (0.146)	Loss 63.5045 (74.7786)	Count-loss 1.1259 (4.9889)	
Epoch: [7][65/90]	Time 10.096 (10.020)	Data 0.152 (0.147)	Loss 49.6944 (76.7237)	Count-loss 0.5599 (4.7869)	
Epoch: [7][70/90]	Time 10.033 (10.023)	Data 0.154 (0.146)	Loss 27.2695 (74.5854)	Count-loss 0.6109 (4.5116)	
Epoch: [7][75/90]	Time 10.105 (10.027)	Data 0.124 (0.146)	Loss 22.0981 (71.0517)	Count-loss 1.3193 (4.4680)	
Epoch: [7][80/90]	Time 10.089 (10.030)	Data 0.143 (0.146)	Loss 122.5459 (71.9550)	Count-loss 1.7041 (4.2775)	
Epoch: [7][85/90]	Time 10.064 (10.032)	Data 0.156 (0.147)	Loss 19.7647 (71.4876)	Count-loss 0.6791 (4.1221)	
Epoch: [8][0/90]	Time 6.847 (6.847)	Data 0.154 (0.154)	Loss 172.7701 (172.7701)	Count-loss 1.9285 (1.9285)	
Epoch: [8][5/90]	Time 10.076 (9.523)	Data 0.116 (0.141)	Loss 11.9351 (81.0075)	Count-loss 8.4133 (2.7401)	
Epoch: [8][10/90]	Time 10.059 (9.773)	Data 0.152 (0.141)	Loss 134.9350 (76.7978)	Count-loss 1.1242 (4.9423)	
Epoch: [8][15/90]	Time 10.076 (9.862)	Data 0.227 (0.149)	Loss 47.3300 (83.7296)	Count-loss 2.4889 (4.5631)	
Epoch: [8][20/90]	Time 10.049 (9.912)	Data 0.127 (0.145)	Loss 47.8384 (95.1482)	Count-loss 2.5535 (4.4444)	
Epoch: [8][25/90]	Time 10.052 (9.941)	Data 0.161 (0.142)	Loss 61.4408 (88.8303)	Count-loss 2.1945 (4.4666)	
Epoch: [8][30/90]	Time 10.078 (9.959)	Data 0.112 (0.138)	Loss 21.4528 (79.0821)	Count-loss 24.0532 (5.2730)	
Epoch: [8][35/90]	Time 10.047 (9.974)	Data 0.132 (0.136)	Loss 56.9900 (72.3277)	Count-loss 1.6725 (5.1281)	
Epoch: [8][40/90]	Time 10.111 (9.988)	Data 0.161 (0.136)	Loss 9.8695 (68.8298)	Count-loss 1.0280 (4.7351)	
Epoch: [8][45/90]	Time 10.075 (9.997)	Data 0.211 (0.139)	Loss 55.0135 (66.3272)	Count-loss 1.3722 (4.3930)	
Epoch: [8][50/90]	Time 10.107 (10.004)	Data 0.164 (0.140)	Loss 32.6108 (66.1918)	Count-loss 1.2262 (4.1132)	
Epoch: [8][55/90]	Time 10.033 (10.010)	Data 0.124 (0.141)	Loss 25.2407 (65.6237)	Count-loss 0.5404 (3.8764)	
Epoch: [8][60/90]	Time 10.040 (10.014)	Data 0.145 (0.141)	Loss 119.6684 (65.5417)	Count-loss 10.1894 (3.8117)	
Epoch: [8][65/90]	Time 10.064 (10.020)	Data 0.119 (0.141)	Loss 16.7617 (68.5394)	Count-loss 11.2381 (3.9214)	
Epoch: [8][70/90]	Time 10.071 (10.023)	Data 0.129 (0.140)	Loss 93.6651 (69.4488)	Count-loss 0.9593 (3.8558)	
Epoch: [8][75/90]	Time 10.046 (10.026)	Data 0.124 (0.139)	Loss 31.4664 (69.6311)	Count-loss 0.6632 (4.2542)	
Epoch: [8][80/90]	Time 10.080 (10.028)	Data 0.111 (0.140)	Loss 12.7477 (71.0745)	Count-loss 4.8583 (4.5857)	
Epoch: [8][85/90]	Time 10.047 (10.030)	Data 0.127 (0.138)	Loss 158.4785 (70.5238)	Count-loss 0.7457 (4.7546)	
Epoch: [9][0/90]	Time 6.930 (6.930)	Data 0.200 (0.200)	Loss 18.2334 (18.2334)	Count-loss 0.5313 (0.5313)	
Epoch: [9][5/90]	Time 10.050 (9.535)	Data 0.130 (0.147)	Loss 161.8195 (76.1612)	Count-loss 2.3865 (1.4891)	
Epoch: [9][10/90]	Time 10.056 (9.774)	Data 0.157 (0.144)	Loss 50.3211 (57.6330)	Count-loss 1.4315 (1.3596)	
Epoch: [9][15/90]	Time 10.095 (9.872)	Data 0.209 (0.146)	Loss 30.2905 (79.9107)	Count-loss 1.0840 (1.3425)	
Epoch: [9][20/90]	Time 10.093 (9.923)	Data 0.166 (0.145)	Loss 49.3533 (71.4493)	Count-loss 1.0482 (1.5584)	
Epoch: [9][25/90]	Time 10.066 (9.952)	Data 0.156 (0.147)	Loss 89.2661 (71.4776)	Count-loss 0.9340 (4.2143)	
Epoch: [9][30/90]	Time 10.073 (9.970)	Data 0.123 (0.143)	Loss 15.2458 (75.3266)	Count-loss 18.6392 (4.8385)	
Epoch: [9][35/90]	Time 10.082 (9.985)	Data 0.108 (0.143)	Loss 18.0501 (70.1210)	Count-loss 0.2515 (4.4504)	
Epoch: [9][40/90]	Time 10.078 (9.996)	Data 0.116 (0.140)	Loss 34.6681 (64.4420)	Count-loss 6.3430 (4.5188)	
Epoch: [9][45/90]	Time 10.083 (10.003)	Data 0.134 (0.139)	Loss 53.6951 (73.5348)	Count-loss 1.1105 (4.1828)	
Epoch: [9][50/90]	Time 10.054 (10.010)	Data 0.150 (0.139)	Loss 93.7468 (70.4119)	Count-loss 1.1184 (3.8895)	
Epoch: [9][55/90]	Time 10.105 (10.014)	Data 0.123 (0.138)	Loss 12.0221 (68.7819)	Count-loss 5.9863 (3.7608)	
Epoch: [9][60/90]	Time 10.079 (10.020)	Data 0.155 (0.138)	Loss 80.8301 (69.2512)	Count-loss 6.4963 (3.6478)	
Epoch: [9][65/90]	Time 10.126 (10.024)	Data 0.147 (0.139)	Loss 17.2867 (67.0881)	Count-loss 17.5978 (3.7070)	
Epoch: [9][70/90]	Time 10.081 (10.027)	Data 0.108 (0.138)	Loss 161.0677 (69.1779)	Count-loss 1.2858 (3.6741)	
Epoch: [9][75/90]	Time 10.103 (10.030)	Data 0.127 (0.138)	Loss 382.7555 (71.7894)	Count-loss 1.4383 (3.6435)	
Epoch: [9][80/90]	Time 10.095 (10.033)	Data 0.125 (0.137)	Loss 11.0643 (71.3396)	Count-loss 6.6448 (3.7477)	
Epoch: [9][85/90]	Time 10.114 (10.036)	Data 0.148 (0.137)	Loss 14.7428 (70.2525)	Count-loss 6.0082 (3.7009)	
Epoch: [10][0/90]	Time 6.860 (6.860)	Data 0.160 (0.160)	Loss 83.5324 (83.5324)	Count-loss 0.8230 (0.8230)	
Epoch: [10][5/90]	Time 10.038 (9.525)	Data 0.115 (0.140)	Loss 14.1903 (108.9266)	Count-loss 0.5108 (1.9057)	
Epoch: [10][10/90]	Time 10.042 (9.762)	Data 0.113 (0.129)	Loss 37.1083 (98.5254)	Count-loss 2.0057 (1.5715)	
Epoch: [10][15/90]	Time 10.065 (9.863)	Data 0.164 (0.134)	Loss 174.8692 (96.4779)	Count-loss 2.6698 (1.7608)	
Epoch: [10][20/90]	Time 10.055 (9.908)	Data 0.118 (0.139)	Loss 42.9339 (80.6491)	Count-loss 0.4717 (2.2395)	
Epoch: [10][25/90]	Time 10.075 (9.937)	Data 0.151 (0.137)	Loss 90.0266 (89.8777)	Count-loss 5.8443 (3.6224)	
Epoch: [10][30/90]	Time 10.049 (9.959)	Data 0.160 (0.139)	Loss 33.5658 (80.4155)	Count-loss 0.4001 (3.4169)	
Epoch: [10][35/90]	Time 10.088 (9.975)	Data 0.157 (0.139)	Loss 243.5766 (84.0875)	Count-loss 1.1042 (3.0405)	
Epoch: [10][40/90]	Time 10.051 (9.988)	Data 0.164 (0.141)	Loss 56.8650 (79.0759)	Count-loss 0.7649 (2.8750)	
Epoch: [10][45/90]	Time 10.069 (9.996)	Data 0.112 (0.140)	Loss 34.8326 (79.7879)	Count-loss 0.9394 (3.3536)	
Epoch: [10][50/90]	Time 10.111 (10.005)	Data 0.164 (0.141)	Loss 88.7436 (77.8693)	Count-loss 0.5754 (3.2419)	
Epoch: [10][55/90]	Time 10.055 (10.010)	Data 0.161 (0.143)	Loss 50.5201 (74.2945)	Count-loss 1.8231 (3.1515)	
Epoch: [10][60/90]	Time 10.083 (10.015)	Data 0.124 (0.143)	Loss 24.0485 (72.8772)	Count-loss 0.3484 (2.9626)	
Epoch: [10][65/90]	Time 10.042 (10.019)	Data 0.113 (0.143)	Loss 19.1893 (70.6562)	Count-loss 1.2835 (2.8397)	
Epoch: [10][70/90]	Time 10.059 (10.022)	Data 0.112 (0.141)	Loss 31.8178 (68.3840)	Count-loss 0.2179 (2.7801)	
Epoch: [10][75/90]	Time 10.053 (10.025)	Data 0.139 (0.141)	Loss 10.2107 (68.9937)	Count-loss 14.1374 (2.8811)	
Epoch: [10][80/90]	Time 10.088 (10.030)	Data 0.118 (0.140)	Loss 69.9007 (67.6955)	Count-loss 0.8277 (2.8668)	
Epoch: [10][85/90]	Time 10.080 (10.032)	Data 0.137 (0.140)	Loss 53.7485 (65.9351)	Count-loss 0.4369 (2.7803)	
Epoch: [11][0/90]	Time 6.831 (6.831)	Data 0.152 (0.152)	Loss 49.8973 (49.8973)	Count-loss 2.2952 (2.2952)	
Epoch: [11][5/90]	Time 10.070 (9.530)	Data 0.147 (0.153)	Loss 5.2493 (41.7957)	Count-loss 14.0140 (3.6748)	
Epoch: [11][10/90]	Time 10.059 (9.779)	Data 0.148 (0.148)	Loss 21.7949 (39.2063)	Count-loss 0.6222 (3.2684)	
Epoch: [11][15/90]	Time 10.053 (9.871)	Data 0.119 (0.141)	Loss 24.2128 (41.2373)	Count-loss 4.2158 (3.0275)	
Epoch: [11][20/90]	Time 10.029 (9.914)	Data 0.108 (0.140)	Loss 8.1366 (40.2528)	Count-loss 0.4049 (2.8500)	
Epoch: [11][25/90]	Time 10.059 (9.945)	Data 0.116 (0.138)	Loss 82.1276 (43.7598)	Count-loss 0.8270 (2.4944)	
Epoch: [11][30/90]	Time 10.081 (9.967)	Data 0.156 (0.136)	Loss 52.4487 (54.0089)	Count-loss 0.5924 (2.2405)	
Epoch: [11][35/90]	Time 10.068 (9.981)	Data 0.158 (0.138)	Loss 99.2469 (58.4738)	Count-loss 1.4225 (2.2625)	
Epoch: [11][40/90]	Time 10.063 (9.992)	Data 0.106 (0.139)	Loss 62.7068 (64.3202)	Count-loss 1.0371 (2.1964)	
Epoch: [11][45/90]	Time 10.108 (10.002)	Data 0.146 (0.138)	Loss 16.6603 (64.5523)	Count-loss 1.4910 (2.4506)	
Epoch: [11][50/90]	Time 10.127 (10.010)	Data 0.166 (0.139)	Loss 376.0293 (71.7356)	Count-loss 0.9385 (2.6262)	
Epoch: [11][55/90]	Time 10.083 (10.017)	Data 0.131 (0.139)	Loss 54.9864 (68.1285)	Count-loss 1.6098 (2.8512)	
Epoch: [11][60/90]	Time 10.052 (10.019)	Data 0.122 (0.138)	Loss 43.2569 (64.9413)	Count-loss 2.5724 (2.7238)	
Epoch: [11][65/90]	Time 10.099 (10.023)	Data 0.126 (0.136)	Loss 179.6049 (65.6936)	Count-loss 0.9640 (2.6443)	
Epoch: [11][70/90]	Time 10.121 (10.027)	Data 0.157 (0.136)	Loss 61.0937 (66.6652)	Count-loss 0.6597 (2.6006)	
Epoch: [11][75/90]	Time 10.056 (10.029)	Data 0.106 (0.135)	Loss 43.8665 (64.5144)	Count-loss 0.7932 (2.4842)	
Epoch: [11][80/90]	Time 10.050 (10.030)	Data 0.151 (0.134)	Loss 41.6831 (65.2097)	Count-loss 0.2290 (2.3849)	
Epoch: [11][85/90]	Time 10.048 (10.032)	Data 0.126 (0.134)	Loss 7.8906 (62.6397)	Count-loss 2.3580 (2.4747)	
Epoch: [12][0/90]	Time 6.857 (6.857)	Data 0.167 (0.167)	Loss 10.0108 (10.0108)	Count-loss 3.2169 (3.2169)	
Epoch: [12][5/90]	Time 10.119 (9.531)	Data 0.146 (0.140)	Loss 347.3562 (74.9179)	Count-loss 1.3492 (2.1872)	
Epoch: [12][10/90]	Time 10.061 (9.775)	Data 0.132 (0.139)	Loss 22.2630 (58.1682)	Count-loss 0.4729 (1.8727)	
Epoch: [12][15/90]	Time 10.054 (9.865)	Data 0.107 (0.135)	Loss 9.0272 (54.4550)	Count-loss 8.0341 (1.9633)	
Epoch: [12][20/90]	Time 10.072 (9.915)	Data 0.158 (0.142)	Loss 7.4127 (61.8977)	Count-loss 1.1762 (1.6763)	
Epoch: [12][25/90]	Time 10.062 (9.943)	Data 0.155 (0.144)	Loss 39.6903 (57.9205)	Count-loss 0.2925 (1.8602)	
Epoch: [12][30/90]	Time 10.088 (9.967)	Data 0.143 (0.144)	Loss 32.4278 (53.9657)	Count-loss 3.5323 (1.9232)	
Epoch: [12][35/90]	Time 10.069 (9.981)	Data 0.163 (0.145)	Loss 7.9115 (50.0238)	Count-loss 0.8189 (1.7598)	
Epoch: [12][40/90]	Time 10.049 (9.991)	Data 0.218 (0.147)	Loss 45.4851 (53.7130)	Count-loss 0.7464 (1.6699)	
Epoch: [12][45/90]	Time 10.080 (10.001)	Data 0.121 (0.147)	Loss 72.5382 (53.3901)	Count-loss 0.7423 (1.6562)	
Epoch: [12][50/90]	Time 10.070 (10.008)	Data 0.160 (0.148)	Loss 38.4618 (53.9793)	Count-loss 0.3407 (1.5892)	
Epoch: [12][55/90]	Time 10.050 (10.016)	Data 0.151 (0.148)	Loss 81.8350 (56.3901)	Count-loss 1.2991 (1.5322)	
Epoch: [12][60/90]	Time 10.136 (10.021)	Data 0.156 (0.150)	Loss 31.6259 (55.1990)	Count-loss 0.3713 (1.4883)	
Epoch: [12][65/90]	Time 10.054 (10.024)	Data 0.142 (0.149)	Loss 77.5503 (55.3559)	Count-loss 0.6430 (1.4208)	
Epoch: [12][70/90]	Time 10.072 (10.028)	Data 0.126 (0.147)	Loss 77.4561 (56.0079)	Count-loss 1.7379 (1.5838)	
Epoch: [12][75/90]	Time 10.047 (10.030)	Data 0.120 (0.145)	Loss 95.3120 (61.4336)	Count-loss 0.3151 (1.5314)	
Epoch: [12][80/90]	Time 10.104 (10.032)	Data 0.114 (0.144)	Loss 86.7246 (60.2702)	Count-loss 1.6819 (1.5876)	
Epoch: [12][85/90]	Time 10.077 (10.034)	Data 0.155 (0.144)	Loss 43.0296 (58.7198)	Count-loss 1.7741 (1.6846)	
Epoch: [13][0/90]	Time 6.857 (6.857)	Data 0.170 (0.170)	Loss 92.8738 (92.8738)	Count-loss 0.4131 (0.4131)	
Epoch: [13][5/90]	Time 10.065 (9.537)	Data 0.191 (0.152)	Loss 117.6119 (64.8345)	Count-loss 0.4180 (0.6442)	
Epoch: [13][10/90]	Time 10.094 (9.781)	Data 0.118 (0.148)	Loss 12.3187 (50.8423)	Count-loss 0.4676 (0.7737)	
Epoch: [13][15/90]	Time 10.107 (9.875)	Data 0.123 (0.143)	Loss 46.4759 (52.1570)	Count-loss 1.6706 (0.7717)	
Epoch: [13][20/90]	Time 10.079 (9.924)	Data 0.160 (0.144)	Loss 82.8738 (58.2221)	Count-loss 0.4990 (0.8422)	
Epoch: [13][25/90]	Time 10.062 (9.951)	Data 0.110 (0.143)	Loss 81.1485 (54.7273)	Count-loss 0.3230 (0.9419)	
Epoch: [13][30/90]	Time 10.051 (9.969)	Data 0.112 (0.141)	Loss 17.0950 (49.7604)	Count-loss 2.5877 (1.3552)	
Epoch: [13][35/90]	Time 10.057 (9.984)	Data 0.200 (0.143)	Loss 178.3666 (51.6985)	Count-loss 0.7443 (1.2470)	
Epoch: [13][40/90]	Time 10.042 (9.993)	Data 0.142 (0.144)	Loss 21.3901 (59.4194)	Count-loss 1.3310 (1.2291)	
Epoch: [13][45/90]	Time 10.062 (10.001)	Data 0.155 (0.143)	Loss 11.0272 (56.6104)	Count-loss 2.9001 (1.2511)	
Epoch: [13][50/90]	Time 10.044 (10.006)	Data 0.151 (0.143)	Loss 18.8936 (55.7702)	Count-loss 0.3083 (1.2013)	
Epoch: [13][55/90]	Time 10.058 (10.011)	Data 0.114 (0.142)	Loss 59.3831 (55.2121)	Count-loss 1.2425 (1.1424)	
Epoch: [13][60/90]	Time 10.040 (10.016)	Data 0.160 (0.143)	Loss 11.2971 (52.6806)	Count-loss 2.5685 (1.1517)	
Epoch: [13][65/90]	Time 10.077 (10.019)	Data 0.151 (0.143)	Loss 10.8717 (51.0632)	Count-loss 0.8036 (1.1542)	
Epoch: [13][70/90]	Time 10.028 (10.022)	Data 0.119 (0.143)	Loss 36.6430 (50.3521)	Count-loss 0.6762 (1.1351)	
Epoch: [13][75/90]	Time 10.068 (10.026)	Data 0.124 (0.143)	Loss 13.0330 (51.1290)	Count-loss 0.2454 (1.3218)	
Epoch: [13][80/90]	Time 10.090 (10.028)	Data 0.129 (0.142)	Loss 18.4482 (49.9639)	Count-loss 0.1703 (1.3309)	
Epoch: [13][85/90]	Time 10.080 (10.030)	Data 0.153 (0.143)	Loss 9.6027 (51.4186)	Count-loss 10.5165 (1.4532)	
Epoch: [14][0/90]	Time 6.801 (6.801)	Data 0.131 (0.131)	Loss 256.0266 (256.0266)	Count-loss 1.6605 (1.6605)	
Epoch: [14][5/90]	Time 10.058 (9.518)	Data 0.165 (0.151)	Loss 72.2258 (85.3698)	Count-loss 3.3045 (2.2124)	
Epoch: [14][10/90]	Time 10.102 (9.772)	Data 0.124 (0.161)	Loss 17.4898 (61.0298)	Count-loss 0.7986 (1.8391)	
Epoch: [14][15/90]	Time 10.128 (9.875)	Data 0.167 (0.157)	Loss 11.7820 (50.4501)	Count-loss 6.3173 (2.0139)	
Epoch: [14][20/90]	Time 10.043 (9.920)	Data 0.125 (0.156)	Loss 13.6580 (50.5445)	Count-loss 0.2881 (1.9011)	
Epoch: [14][25/90]	Time 10.072 (9.953)	Data 0.164 (0.156)	Loss 28.5774 (46.9821)	Count-loss 0.3809 (1.6634)	
Epoch: [14][30/90]	Time 10.049 (9.971)	Data 0.111 (0.152)	Loss 10.9382 (50.6963)	Count-loss 1.0324 (1.8009)	
Epoch: [14][35/90]	Time 10.083 (9.985)	Data 0.136 (0.151)	Loss 9.4845 (48.2378)	Count-loss 1.2551 (1.7085)	
Epoch: [14][40/90]	Time 10.068 (9.997)	Data 0.143 (0.151)	Loss 38.5395 (49.2769)	Count-loss 0.3980 (1.6323)	
Epoch: [14][45/90]	Time 10.047 (10.003)	Data 0.116 (0.149)	Loss 8.8204 (50.6466)	Count-loss 0.5966 (1.5398)	
Epoch: [14][50/90]	Time 10.071 (10.009)	Data 0.145 (0.148)	Loss 29.9530 (50.6055)	Count-loss 1.4397 (1.5062)	
Epoch: [14][55/90]	Time 10.056 (10.015)	Data 0.150 (0.146)	Loss 46.1006 (50.3618)	Count-loss 0.9131 (1.4809)	
Epoch: [14][60/90]	Time 10.052 (10.017)	Data 0.152 (0.145)	Loss 61.6576 (48.5006)	Count-loss 2.0929 (1.5719)	
Epoch: [14][65/90]	Time 10.053 (10.020)	Data 0.109 (0.143)	Loss 16.0711 (48.7205)	Count-loss 1.3587 (1.4894)	
Epoch: [14][70/90]	Time 10.056 (10.023)	Data 0.118 (0.142)	Loss 29.2879 (47.4295)	Count-loss 0.2568 (1.4247)	
Epoch: [14][75/90]	Time 10.074 (10.026)	Data 0.148 (0.142)	Loss 12.2273 (45.2149)	Count-loss 0.2850 (1.3650)	
Epoch: [14][80/90]	Time 10.045 (10.029)	Data 0.150 (0.142)	Loss 30.1256 (43.6371)	Count-loss 0.2079 (1.3497)	
Epoch: [14][85/90]	Time 10.065 (10.031)	Data 0.149 (0.142)	Loss 20.7214 (42.5496)	Count-loss 0.8670 (1.3303)	
Epoch: [15][0/90]	Time 6.896 (6.896)	Data 0.171 (0.171)	Loss 35.9847 (35.9847)	Count-loss 0.0966 (0.0966)	
Epoch: [15][5/90]	Time 10.032 (9.557)	Data 0.119 (0.151)	Loss 8.3743 (17.8861)	Count-loss 3.2804 (1.7377)	
Epoch: [15][10/90]	Time 10.080 (9.793)	Data 0.146 (0.144)	Loss 10.2545 (45.2530)	Count-loss 1.5443 (1.7846)	
Epoch: [15][15/90]	Time 10.064 (9.885)	Data 0.166 (0.150)	Loss 12.9326 (43.8868)	Count-loss 0.2813 (1.7773)	
Epoch: [15][20/90]	Time 10.071 (9.930)	Data 0.144 (0.146)	Loss 14.8818 (37.8486)	Count-loss 0.1188 (1.6376)	
Epoch: [15][25/90]	Time 10.119 (9.958)	Data 0.167 (0.144)	Loss 310.7571 (50.6178)	Count-loss 0.6259 (1.4357)	
Epoch: [15][30/90]	Time 10.055 (9.975)	Data 0.152 (0.146)	Loss 100.0576 (51.5123)	Count-loss 0.7319 (1.6127)	
Epoch: [15][35/90]	Time 10.031 (9.986)	Data 0.122 (0.145)	Loss 14.1120 (47.5534)	Count-loss 0.4188 (1.5176)	
Epoch: [15][40/90]	Time 10.036 (9.997)	Data 0.117 (0.147)	Loss 42.0776 (44.9677)	Count-loss 0.7230 (1.4446)	
Epoch: [15][45/90]	Time 10.060 (10.005)	Data 0.154 (0.147)	Loss 9.8419 (43.4708)	Count-loss 0.7568 (1.4184)	
Epoch: [15][50/90]	Time 10.072 (10.014)	Data 0.156 (0.148)	Loss 28.5140 (41.9622)	Count-loss 0.3374 (1.3151)	
Epoch: [15][55/90]	Time 10.138 (10.021)	Data 0.124 (0.147)	Loss 36.8765 (40.5984)	Count-loss 0.1766 (1.3664)	
Epoch: [15][60/90]	Time 10.055 (10.025)	Data 0.112 (0.145)	Loss 13.9303 (43.9251)	Count-loss 0.0903 (1.3526)	
Epoch: [15][65/90]	Time 10.090 (10.028)	Data 0.126 (0.143)	Loss 14.0218 (42.9721)	Count-loss 0.3947 (1.2846)	
Epoch: [15][70/90]	Time 10.060 (10.032)	Data 0.153 (0.143)	Loss 20.6021 (41.6762)	Count-loss 1.6365 (1.2485)	
Epoch: [15][75/90]	Time 10.051 (10.034)	Data 0.153 (0.144)	Loss 32.9001 (40.3163)	Count-loss 0.4491 (1.2485)	
Epoch: [15][80/90]	Time 10.066 (10.036)	Data 0.114 (0.142)	Loss 16.6541 (39.3306)	Count-loss 0.7998 (1.2014)	
Epoch: [15][85/90]	Time 10.079 (10.040)	Data 0.156 (0.142)	Loss 12.5453 (38.6519)	Count-loss 0.4344 (1.1893)	
Epoch: [16][0/90]	Time 6.852 (6.852)	Data 0.160 (0.160)	Loss 39.7226 (39.7226)	Count-loss 1.2309 (1.2309)	
Epoch: [16][5/90]	Time 10.051 (9.535)	Data 0.116 (0.136)	Loss 92.5189 (28.9166)	Count-loss 0.5946 (0.6339)	
Epoch: [16][10/90]	Time 10.037 (9.781)	Data 0.111 (0.133)	Loss 13.5337 (37.5696)	Count-loss 0.0600 (0.6332)	
Epoch: [16][15/90]	Time 10.094 (9.876)	Data 0.147 (0.139)	Loss 16.7110 (36.4291)	Count-loss 0.5984 (0.6270)	
Epoch: [16][20/90]	Time 10.080 (9.924)	Data 0.153 (0.138)	Loss 12.9644 (32.5635)	Count-loss 0.5883 (0.5569)	
Epoch: [16][25/90]	Time 10.072 (9.952)	Data 0.124 (0.140)	Loss 79.3501 (32.9204)	Count-loss 0.3268 (0.6088)	
Epoch: [16][30/90]	Time 10.051 (9.969)	Data 0.110 (0.138)	Loss 21.6986 (30.2223)	Count-loss 0.7259 (0.6070)	
Epoch: [16][35/90]	Time 10.061 (9.982)	Data 0.113 (0.136)	Loss 10.2286 (33.4930)	Count-loss 0.8323 (0.5722)	
Epoch: [16][40/90]	Time 10.051 (9.992)	Data 0.111 (0.134)	Loss 154.6732 (35.7881)	Count-loss 1.0723 (0.6556)	
Epoch: [16][45/90]	Time 10.080 (10.001)	Data 0.158 (0.135)	Loss 15.5567 (39.0082)	Count-loss 0.5306 (0.6131)	
Epoch: [16][50/90]	Time 10.117 (10.008)	Data 0.120 (0.135)	Loss 18.4645 (37.5878)	Count-loss 0.9726 (0.8106)	
Epoch: [16][55/90]	Time 10.102 (10.015)	Data 0.108 (0.137)	Loss 9.6473 (36.7876)	Count-loss 0.9871 (0.8163)	
Epoch: [16][60/90]	Time 10.123 (10.022)	Data 0.162 (0.137)	Loss 17.4806 (35.3311)	Count-loss 0.4143 (0.7974)	
Epoch: [16][65/90]	Time 10.037 (10.025)	Data 0.122 (0.138)	Loss 62.9015 (36.4957)	Count-loss 0.2397 (0.7634)	
Epoch: [16][70/90]	Time 10.070 (10.029)	Data 0.155 (0.138)	Loss 16.8962 (34.9787)	Count-loss 6.5991 (0.8704)	
Epoch: [16][75/90]	Time 10.061 (10.031)	Data 0.111 (0.137)	Loss 14.9494 (34.6673)	Count-loss 1.3044 (0.9019)	
Epoch: [16][80/90]	Time 10.049 (10.032)	Data 0.115 (0.136)	Loss 60.1406 (34.2128)	Count-loss 0.1130 (0.8659)	
Epoch: [16][85/90]	Time 10.076 (10.036)	Data 0.157 (0.138)	Loss 106.8053 (34.5467)	Count-loss 0.2588 (0.8318)	
Epoch: [17][0/90]	Time 6.874 (6.874)	Data 0.174 (0.174)	Loss 26.8466 (26.8466)	Count-loss 0.0919 (0.0919)	
Epoch: [17][5/90]	Time 10.112 (9.541)	Data 0.111 (0.148)	Loss 11.6426 (25.4136)	Count-loss 0.9734 (1.4560)	
Epoch: [17][10/90]	Time 10.045 (9.781)	Data 0.111 (0.137)	Loss 17.8080 (29.7507)	Count-loss 0.3819 (1.0758)	
Epoch: [17][15/90]	Time 10.058 (9.875)	Data 0.160 (0.141)	Loss 16.8618 (24.1700)	Count-loss 0.1277 (0.8715)	
Epoch: [17][20/90]	Time 10.057 (9.922)	Data 0.116 (0.139)	Loss 34.0492 (24.3997)	Count-loss 0.7841 (0.7580)	
Epoch: [17][25/90]	Time 10.083 (9.951)	Data 0.147 (0.140)	Loss 37.5586 (24.4509)	Count-loss 0.2847 (0.7599)	
Epoch: [17][30/90]	Time 10.092 (9.973)	Data 0.148 (0.143)	Loss 167.3919 (32.3371)	Count-loss 0.2310 (0.7192)	
Epoch: [17][35/90]	Time 10.106 (9.987)	Data 0.125 (0.144)	Loss 13.8853 (37.9108)	Count-loss 0.4665 (0.7853)	
Epoch: [17][40/90]	Time 10.040 (9.996)	Data 0.115 (0.143)	Loss 9.4617 (34.6321)	Count-loss 2.2773 (0.8773)	
Epoch: [17][45/90]	Time 10.053 (10.002)	Data 0.118 (0.141)	Loss 119.2505 (34.8632)	Count-loss 0.8080 (1.0104)	
Epoch: [17][50/90]	Time 10.101 (10.008)	Data 0.157 (0.140)	Loss 17.5177 (32.9834)	Count-loss 0.2197 (1.0058)	
Epoch: [17][55/90]	Time 10.092 (10.014)	Data 0.112 (0.138)	Loss 19.0109 (32.4402)	Count-loss 0.1803 (1.0267)	
Epoch: [17][60/90]	Time 10.043 (10.019)	Data 0.150 (0.137)	Loss 44.4290 (31.8310)	Count-loss 1.7737 (1.1079)	
Epoch: [17][65/90]	Time 10.071 (10.024)	Data 0.154 (0.138)	Loss 10.2865 (30.5586)	Count-loss 0.8782 (1.0530)	
Epoch: [17][70/90]	Time 10.032 (10.026)	Data 0.117 (0.137)	Loss 28.8857 (29.6699)	Count-loss 0.4605 (1.0059)	
Epoch: [17][75/90]	Time 10.118 (10.029)	Data 0.164 (0.137)	Loss 8.6116 (30.0273)	Count-loss 0.9787 (0.9771)	
Epoch: [17][80/90]	Time 10.060 (10.031)	Data 0.154 (0.136)	Loss 36.1183 (30.1539)	Count-loss 0.1918 (0.9309)	
Epoch: [17][85/90]	Time 10.086 (10.033)	Data 0.155 (0.137)	Loss 6.8355 (31.4139)	Count-loss 0.3427 (0.8958)	
Epoch: [18][0/90]	Time 6.886 (6.886)	Data 0.174 (0.174)	Loss 36.9390 (36.9390)	Count-loss 0.3692 (0.3692)	
Epoch: [18][5/90]	Time 10.118 (9.551)	Data 0.160 (0.148)	Loss 60.5356 (38.1412)	Count-loss 0.1898 (0.9485)	
Epoch: [18][10/90]	Time 10.076 (9.790)	Data 0.149 (0.141)	Loss 7.4153 (26.9012)	Count-loss 1.9195 (0.8805)	
Epoch: [18][15/90]	Time 10.049 (9.878)	Data 0.109 (0.138)	Loss 9.8807 (21.8361)	Count-loss 0.5524 (0.7343)	
Epoch: [18][20/90]	Time 10.043 (9.919)	Data 0.167 (0.140)	Loss 15.7137 (19.0943)	Count-loss 1.0358 (0.7990)	
Epoch: [18][25/90]	Time 10.102 (9.952)	Data 0.154 (0.138)	Loss 15.5693 (21.1191)	Count-loss 1.2650 (0.8705)	
Epoch: [18][30/90]	Time 10.055 (9.973)	Data 0.112 (0.137)	Loss 43.2169 (21.5692)	Count-loss 0.4597 (0.8040)	
Epoch: [18][35/90]	Time 10.094 (9.992)	Data 0.158 (0.139)	Loss 34.6458 (26.4801)	Count-loss 0.0940 (0.7261)	
Epoch: [18][40/90]	Time 10.078 (10.003)	Data 0.155 (0.141)	Loss 19.6198 (25.2913)	Count-loss 9.8128 (0.9209)	
Epoch: [18][45/90]	Time 10.076 (10.009)	Data 0.104 (0.138)	Loss 17.5232 (25.1861)	Count-loss 1.4372 (0.9927)	
Epoch: [18][50/90]	Time 10.086 (10.017)	Data 0.116 (0.138)	Loss 16.1155 (26.9739)	Count-loss 0.5747 (0.9413)	
Epoch: [18][55/90]	Time 10.073 (10.020)	Data 0.109 (0.136)	Loss 12.5750 (26.6880)	Count-loss 0.2096 (0.8798)	
Epoch: [18][60/90]	Time 10.069 (10.024)	Data 0.132 (0.138)	Loss 12.5207 (28.9216)	Count-loss 0.4849 (0.8465)	
Epoch: [18][65/90]	Time 10.121 (10.028)	Data 0.157 (0.140)	Loss 64.5545 (29.7125)	Count-loss 0.2096 (0.8040)	
Epoch: [18][70/90]	Time 10.098 (10.033)	Data 0.127 (0.142)	Loss 26.0290 (29.0198)	Count-loss 0.2006 (0.7690)	
Epoch: [18][75/90]	Time 10.117 (10.037)	Data 0.208 (0.143)	Loss 19.3191 (28.3654)	Count-loss 0.0298 (0.7280)	
Epoch: [18][80/90]	Time 10.083 (10.040)	Data 0.157 (0.144)	Loss 24.0251 (27.9049)	Count-loss 0.1507 (0.7029)	
Epoch: [18][85/90]	Time 10.108 (10.042)	Data 0.148 (0.144)	Loss 161.5204 (30.3674)	Count-loss 0.1742 (0.6771)	
Epoch: [19][0/90]	Time 6.863 (6.863)	Data 0.151 (0.151)	Loss 10.2419 (10.2419)	Count-loss 0.2874 (0.2874)	
Epoch: [19][5/90]	Time 10.080 (9.536)	Data 0.120 (0.140)	Loss 79.6369 (22.6809)	Count-loss 0.2713 (0.2769)	
Epoch: [19][10/90]	Time 10.074 (9.772)	Data 0.156 (0.137)	Loss 29.4838 (17.9997)	Count-loss 0.0806 (0.3702)	
Epoch: [19][15/90]	Time 10.133 (9.874)	Data 0.211 (0.143)	Loss 9.6412 (21.0440)	Count-loss 0.0400 (0.2973)	
Epoch: [19][20/90]	Time 10.039 (9.927)	Data 0.160 (0.146)	Loss 53.6076 (21.3345)	Count-loss 0.2390 (0.2655)	
Epoch: [19][25/90]	Time 10.100 (9.955)	Data 0.148 (0.143)	Loss 8.9062 (21.4004)	Count-loss 0.3322 (0.2702)	
Epoch: [19][30/90]	Time 10.035 (9.976)	Data 0.120 (0.143)	Loss 29.4001 (21.9968)	Count-loss 0.1771 (0.2719)	
Epoch: [19][35/90]	Time 10.091 (9.988)	Data 0.128 (0.140)	Loss 21.6594 (23.3587)	Count-loss 0.2857 (0.2648)	
Epoch: [19][40/90]	Time 10.051 (9.996)	Data 0.107 (0.138)	Loss 12.8184 (22.0877)	Count-loss 0.3521 (0.4291)	
Epoch: [19][45/90]	Time 10.096 (10.005)	Data 0.129 (0.137)	Loss 50.8832 (23.7002)	Count-loss 0.2126 (0.4487)	
Epoch: [19][50/90]	Time 10.075 (10.012)	Data 0.156 (0.139)	Loss 112.3814 (28.9681)	Count-loss 0.5010 (0.4902)	
Epoch: [19][55/90]	Time 10.065 (10.018)	Data 0.182 (0.139)	Loss 14.4974 (27.9226)	Count-loss 0.7948 (0.4839)	
Epoch: [19][60/90]	Time 10.070 (10.023)	Data 0.150 (0.140)	Loss 13.1575 (27.1029)	Count-loss 0.5468 (0.4844)	
Epoch: [19][65/90]	Time 10.058 (10.026)	Data 0.105 (0.139)	Loss 16.7970 (26.0240)	Count-loss 0.3575 (0.4682)	
Epoch: [19][70/90]	Time 10.067 (10.030)	Data 0.121 (0.138)	Loss 17.1639 (25.1894)	Count-loss 0.1134 (0.4581)	
Epoch: [19][75/90]	Time 10.069 (10.033)	Data 0.121 (0.137)	Loss 23.2828 (24.6648)	Count-loss 0.0438 (0.4356)	
Epoch: [19][80/90]	Time 10.066 (10.034)	Data 0.122 (0.137)	Loss 16.2445 (27.1879)	Count-loss 0.0841 (0.4310)	
Epoch: [19][85/90]	Time 10.031 (10.036)	Data 0.183 (0.137)	Loss 22.9735 (27.6220)	Count-loss 0.5885 (0.4192)	
Epoch: [20][0/90]	Time 6.905 (6.905)	Data 0.202 (0.202)	Loss 6.9388 (6.9388)	Count-loss 0.8665 (0.8665)	
Epoch: [20][5/90]	Time 10.089 (9.559)	Data 0.120 (0.144)	Loss 9.0715 (39.0356)	Count-loss 0.5670 (0.6912)	
Epoch: [20][10/90]	Time 10.099 (9.786)	Data 0.124 (0.137)	Loss 15.1913 (41.0063)	Count-loss 0.2278 (0.6425)	
Epoch: [20][15/90]	Time 10.065 (9.875)	Data 0.160 (0.140)	Loss 6.6592 (38.3907)	Count-loss 0.0278 (0.5588)	
Epoch: [20][20/90]	Time 10.094 (9.921)	Data 0.154 (0.139)	Loss 24.0816 (32.8699)	Count-loss 0.9083 (0.4981)	
Epoch: [20][25/90]	Time 10.061 (9.950)	Data 0.118 (0.140)	Loss 24.5667 (29.8679)	Count-loss 0.3211 (0.4908)	
Epoch: [20][30/90]	Time 10.041 (9.971)	Data 0.152 (0.139)	Loss 11.8824 (26.9048)	Count-loss 0.7001 (0.5089)	
Epoch: [20][35/90]	Time 10.089 (9.986)	Data 0.151 (0.141)	Loss 10.8514 (28.6916)	Count-loss 0.2050 (0.5092)	
Epoch: [20][40/90]	Time 10.090 (9.997)	Data 0.147 (0.140)	Loss 22.8434 (30.6422)	Count-loss 0.5147 (0.4746)	
Epoch: [20][45/90]	Time 10.116 (10.008)	Data 0.121 (0.140)	Loss 11.9519 (29.0470)	Count-loss 1.3046 (0.5061)	
Epoch: [20][50/90]	Time 10.040 (10.013)	Data 0.104 (0.138)	Loss 10.7315 (27.5860)	Count-loss 0.7408 (0.5017)	
Epoch: [20][55/90]	Time 10.075 (10.018)	Data 0.156 (0.140)	Loss 14.6640 (26.5123)	Count-loss 0.2322 (0.4951)	
Epoch: [20][60/90]	Time 10.130 (10.023)	Data 0.143 (0.140)	Loss 36.1811 (25.9895)	Count-loss 0.2797 (0.5242)	
Epoch: [20][65/90]	Time 10.081 (10.027)	Data 0.154 (0.141)	Loss 5.4872 (25.1400)	Count-loss 0.2966 (0.5188)	
Epoch: [20][70/90]	Time 10.106 (10.031)	Data 0.158 (0.141)	Loss 10.1237 (24.4078)	Count-loss 0.1526 (0.4964)	
Epoch: [20][75/90]	Time 10.075 (10.033)	Data 0.151 (0.142)	Loss 27.6768 (24.4308)	Count-loss 0.1091 (0.4827)	
Epoch: [20][80/90]	Time 10.051 (10.037)	Data 0.130 (0.142)	Loss 4.7420 (26.0402)	Count-loss 0.6742 (0.4917)	
Epoch: [20][85/90]	Time 10.044 (10.037)	Data 0.122 (0.141)	Loss 44.4461 (26.3887)	Count-loss 12.7501 (0.6518)	
Epoch: [21][0/90]	Time 6.877 (6.877)	Data 0.180 (0.180)	Loss 13.4654 (13.4654)	Count-loss 0.8019 (0.8019)	
Epoch: [21][5/90]	Time 10.053 (9.547)	Data 0.160 (0.148)	Loss 23.1135 (13.6946)	Count-loss 0.0159 (0.2682)	
Epoch: [21][10/90]	Time 10.097 (9.782)	Data 0.141 (0.137)	Loss 6.5601 (14.6505)	Count-loss 0.5343 (0.2873)	
Epoch: [21][15/90]	Time 10.055 (9.870)	Data 0.113 (0.136)	Loss 28.4077 (16.1387)	Count-loss 0.2505 (0.5401)	
Epoch: [21][20/90]	Time 10.086 (9.916)	Data 0.151 (0.135)	Loss 14.1964 (21.5907)	Count-loss 0.2462 (0.5267)	
Epoch: [21][25/90]	Time 10.023 (9.946)	Data 0.124 (0.137)	Loss 8.1901 (22.4614)	Count-loss 0.3708 (0.5141)	
Epoch: [21][30/90]	Time 10.123 (9.967)	Data 0.148 (0.136)	Loss 18.1716 (23.5062)	Count-loss 0.5233 (0.4727)	
Epoch: [21][35/90]	Time 10.034 (9.979)	Data 0.127 (0.135)	Loss 36.5757 (26.6047)	Count-loss 0.2012 (0.4500)	
Epoch: [21][40/90]	Time 10.085 (9.990)	Data 0.145 (0.136)	Loss 6.9269 (25.1015)	Count-loss 1.0616 (0.5004)	
Epoch: [21][45/90]	Time 10.042 (9.999)	Data 0.160 (0.137)	Loss 23.8742 (26.7237)	Count-loss 0.1393 (0.5413)	
Epoch: [21][50/90]	Time 10.083 (10.006)	Data 0.127 (0.136)	Loss 7.9819 (26.3876)	Count-loss 1.2465 (0.5272)	
Epoch: [21][55/90]	Time 10.053 (10.010)	Data 0.123 (0.136)	Loss 19.8738 (25.9326)	Count-loss 0.0534 (0.4986)	
Epoch: [21][60/90]	Time 10.059 (10.017)	Data 0.152 (0.136)	Loss 15.7060 (25.4073)	Count-loss 0.1182 (0.4746)	
Epoch: [21][65/90]	Time 10.121 (10.022)	Data 0.149 (0.137)	Loss 33.8512 (25.6587)	Count-loss 0.2411 (0.4571)	
Epoch: [21][70/90]	Time 10.054 (10.025)	Data 0.205 (0.137)	Loss 118.9396 (28.7814)	Count-loss 0.2732 (0.4407)	
Epoch: [21][75/90]	Time 10.076 (10.028)	Data 0.118 (0.137)	Loss 42.7711 (27.9517)	Count-loss 0.0506 (0.4200)	
Epoch: [21][80/90]	Time 10.083 (10.030)	Data 0.133 (0.136)	Loss 30.5669 (27.2399)	Count-loss 1.1943 (0.4338)	
Epoch: [21][85/90]	Time 10.052 (10.032)	Data 0.132 (0.135)	Loss 8.0632 (26.4676)	Count-loss 0.2175 (0.4207)	
Epoch: [22][0/90]	Time 6.864 (6.864)	Data 0.163 (0.163)	Loss 139.3315 (139.3315)	Count-loss 2.3172 (2.3172)	
Epoch: [22][5/90]	Time 10.053 (9.529)	Data 0.113 (0.132)	Loss 60.8811 (53.6595)	Count-loss 0.6315 (0.7706)	
Epoch: [22][10/90]	Time 10.075 (9.780)	Data 0.126 (0.131)	Loss 44.9140 (42.9851)	Count-loss 0.0764 (0.5192)	
Epoch: [22][15/90]	Time 10.043 (9.874)	Data 0.164 (0.138)	Loss 12.9162 (33.4795)	Count-loss 0.3483 (0.5119)	
Epoch: [22][20/90]	Time 10.051 (9.918)	Data 0.107 (0.138)	Loss 12.8028 (28.2699)	Count-loss 0.0787 (0.5100)	
Epoch: [22][25/90]	Time 10.058 (9.947)	Data 0.131 (0.134)	Loss 14.2300 (26.7993)	Count-loss 0.3425 (0.4940)	
Epoch: [22][30/90]	Time 10.040 (9.967)	Data 0.110 (0.133)	Loss 14.0435 (28.8628)	Count-loss 0.5010 (0.4716)	
Epoch: [22][35/90]	Time 10.133 (9.984)	Data 0.122 (0.133)	Loss 18.8527 (27.7815)	Count-loss 0.2232 (0.4232)	
Epoch: [22][40/90]	Time 10.070 (9.995)	Data 0.126 (0.132)	Loss 44.0345 (26.4596)	Count-loss 0.1158 (0.3893)	
Epoch: [22][45/90]	Time 10.058 (10.002)	Data 0.111 (0.131)	Loss 42.5687 (25.4253)	Count-loss 0.3588 (0.3816)	
Epoch: [22][50/90]	Time 10.070 (10.010)	Data 0.119 (0.130)	Loss 23.3819 (24.7975)	Count-loss 0.2285 (0.3730)	
Epoch: [22][55/90]	Time 10.094 (10.017)	Data 0.158 (0.133)	Loss 71.9190 (25.1936)	Count-loss 0.1391 (0.3523)	
Epoch: [22][60/90]	Time 10.064 (10.020)	Data 0.170 (0.133)	Loss 9.4202 (26.4187)	Count-loss 1.3115 (0.3545)	
Epoch: [22][65/90]	Time 10.089 (10.025)	Data 0.151 (0.134)	Loss 5.6534 (26.3036)	Count-loss 0.2127 (0.3677)	
Epoch: [22][70/90]	Time 10.082 (10.028)	Data 0.146 (0.134)	Loss 18.3107 (25.5010)	Count-loss 0.1398 (0.3696)	
Epoch: [22][75/90]	Time 10.028 (10.030)	Data 0.156 (0.136)	Loss 22.7126 (24.5892)	Count-loss 0.2289 (0.3631)	
Epoch: [22][80/90]	Time 10.075 (10.032)	Data 0.162 (0.137)	Loss 20.6373 (25.5706)	Count-loss 0.2443 (0.3562)	
Epoch: [22][85/90]	Time 10.080 (10.035)	Data 0.126 (0.137)	Loss 21.5972 (25.2479)	Count-loss 0.1561 (0.3447)	
Epoch: [23][0/90]	Time 6.900 (6.900)	Data 0.192 (0.192)	Loss 4.8818 (4.8818)	Count-loss 0.1897 (0.1897)	
Epoch: [23][5/90]	Time 10.052 (9.535)	Data 0.160 (0.158)	Loss 13.7038 (34.5455)	Count-loss 0.0743 (0.2283)	
Epoch: [23][10/90]	Time 10.104 (9.780)	Data 0.154 (0.155)	Loss 28.1763 (26.0064)	Count-loss 0.0376 (0.2345)	
Epoch: [23][15/90]	Time 10.074 (9.872)	Data 0.150 (0.153)	Loss 108.8540 (28.6002)	Count-loss 0.0921 (0.1875)	
Epoch: [23][20/90]	Time 10.127 (9.925)	Data 0.130 (0.150)	Loss 15.5270 (24.2644)	Count-loss 0.1612 (0.1731)	
Epoch: [23][25/90]	Time 10.065 (9.957)	Data 0.155 (0.149)	Loss 17.6292 (22.6373)	Count-loss 0.1599 (0.2537)	
Epoch: [23][30/90]	Time 10.057 (9.976)	Data 0.122 (0.146)	Loss 21.3902 (22.0900)	Count-loss 0.3360 (0.2496)	
Epoch: [23][35/90]	Time 10.109 (9.991)	Data 0.155 (0.145)	Loss 15.1856 (21.2026)	Count-loss 0.3323 (0.2378)	
Epoch: [23][40/90]	Time 10.033 (10.000)	Data 0.156 (0.145)	Loss 17.6930 (20.6380)	Count-loss 0.9568 (0.2464)	
Epoch: [23][45/90]	Time 10.040 (10.008)	Data 0.133 (0.145)	Loss 14.2437 (22.1677)	Count-loss 0.0329 (0.2378)	
Epoch: [23][50/90]	Time 10.036 (10.012)	Data 0.129 (0.144)	Loss 8.1083 (22.3501)	Count-loss 0.3395 (0.2281)	
Epoch: [23][55/90]	Time 10.045 (10.016)	Data 0.112 (0.143)	Loss 11.5477 (22.2166)	Count-loss 0.1057 (0.2171)	
Epoch: [23][60/90]	Time 10.091 (10.019)	Data 0.124 (0.141)	Loss 8.1543 (23.6642)	Count-loss 0.2098 (0.2263)	
Epoch: [23][65/90]	Time 10.065 (10.021)	Data 0.128 (0.140)	Loss 32.7532 (24.5548)	Count-loss 5.0700 (0.3126)	
Epoch: [23][70/90]	Time 10.096 (10.025)	Data 0.162 (0.139)	Loss 24.7950 (24.4648)	Count-loss 0.0225 (0.2992)	
Epoch: [23][75/90]	Time 10.045 (10.027)	Data 0.152 (0.140)	Loss 14.9373 (25.2599)	Count-loss 0.1616 (0.2890)	
Epoch: [23][80/90]	Time 10.070 (10.030)	Data 0.150 (0.140)	Loss 12.7555 (24.5841)	Count-loss 3.1815 (0.3198)	
Epoch: [23][85/90]	Time 10.084 (10.032)	Data 0.146 (0.140)	Loss 11.5079 (23.9938)	Count-loss 0.4299 (0.3229)	
Epoch: [24][0/90]	Time 6.921 (6.921)	Data 0.199 (0.199)	Loss 10.5895 (10.5895)	Count-loss 0.1367 (0.1367)	
Epoch: [24][5/90]	Time 10.058 (9.546)	Data 0.117 (0.148)	Loss 25.6734 (20.2973)	Count-loss 0.0729 (0.1671)	
Epoch: [24][10/90]	Time 10.092 (9.781)	Data 0.115 (0.132)	Loss 13.0044 (26.0975)	Count-loss 0.2852 (0.2162)	
Epoch: [24][15/90]	Time 10.038 (9.869)	Data 0.121 (0.140)	Loss 38.9523 (29.1921)	Count-loss 0.9131 (0.3373)	
Epoch: [24][20/90]	Time 10.073 (9.919)	Data 0.156 (0.141)	Loss 12.5813 (27.3286)	Count-loss 0.1937 (0.4787)	
Epoch: [24][25/90]	Time 10.074 (9.947)	Data 0.145 (0.143)	Loss 30.7653 (27.8118)	Count-loss 0.3274 (0.5941)	
Epoch: [24][30/90]	Time 10.109 (9.970)	Data 0.156 (0.142)	Loss 18.4972 (25.7803)	Count-loss 0.4800 (0.6259)	
Epoch: [24][35/90]	Time 10.091 (9.985)	Data 0.146 (0.141)	Loss 17.6239 (25.8644)	Count-loss 1.8325 (0.6263)	
Epoch: [24][40/90]	Time 10.060 (9.994)	Data 0.112 (0.140)	Loss 7.2832 (25.4521)	Count-loss 2.1229 (0.6663)	
Epoch: [24][45/90]	Time 10.060 (10.001)	Data 0.120 (0.138)	Loss 5.3816 (24.4924)	Count-loss 0.4832 (0.7412)	
Epoch: [24][50/90]	Time 10.069 (10.008)	Data 0.132 (0.138)	Loss 22.5975 (24.2612)	Count-loss 0.1859 (0.6977)	
Epoch: [24][55/90]	Time 10.114 (10.014)	Data 0.131 (0.139)	Loss 43.5253 (23.8804)	Count-loss 0.3457 (0.6667)	
Epoch: [24][60/90]	Time 10.061 (10.019)	Data 0.115 (0.138)	Loss 15.0102 (23.1226)	Count-loss 0.2433 (0.7453)	
Epoch: [24][65/90]	Time 10.051 (10.022)	Data 0.115 (0.137)	Loss 26.8333 (23.4077)	Count-loss 0.2523 (0.9203)	
Epoch: [24][70/90]	Time 10.069 (10.027)	Data 0.156 (0.138)	Loss 7.5065 (24.1436)	Count-loss 0.1126 (0.8751)	
Epoch: [24][75/90]	Time 10.055 (10.030)	Data 0.107 (0.138)	Loss 121.8824 (24.5909)	Count-loss 0.0155 (0.8273)	
Epoch: [24][80/90]	Time 10.059 (10.032)	Data 0.111 (0.137)	Loss 22.5887 (24.0960)	Count-loss 0.0852 (0.8356)	
Epoch: [24][85/90]	Time 10.074 (10.033)	Data 0.114 (0.136)	Loss 5.0946 (23.9765)	Count-loss 0.5547 (0.8200)	
Epoch: [25][0/90]	Time 6.873 (6.873)	Data 0.179 (0.179)	Loss 41.9926 (41.9926)	Count-loss 0.0848 (0.0848)	
Epoch: [25][5/90]	Time 10.062 (9.536)	Data 0.108 (0.146)	Loss 26.8940 (20.9228)	Count-loss 3.4178 (1.2381)	
Epoch: [25][10/90]	Time 10.118 (9.782)	Data 0.149 (0.144)	Loss 24.4075 (18.3908)	Count-loss 0.0109 (0.7280)	
Epoch: [25][15/90]	Time 10.049 (9.875)	Data 0.131 (0.142)	Loss 26.8372 (16.8259)	Count-loss 0.2532 (0.5921)	
Epoch: [25][20/90]	Time 10.136 (9.925)	Data 0.113 (0.143)	Loss 9.8526 (15.5113)	Count-loss 0.2535 (0.5031)	
Epoch: [25][25/90]	Time 10.096 (9.957)	Data 0.117 (0.143)	Loss 100.0431 (19.7271)	Count-loss 0.1816 (0.4502)	
Epoch: [25][30/90]	Time 10.066 (9.978)	Data 0.157 (0.142)	Loss 35.2890 (19.3744)	Count-loss 0.5033 (0.4161)	
Epoch: [25][35/90]	Time 10.071 (9.992)	Data 0.157 (0.142)	Loss 14.4736 (19.2449)	Count-loss 0.5826 (0.4339)	
Epoch: [25][40/90]	Time 10.070 (10.002)	Data 0.155 (0.143)	Loss 4.5436 (19.5989)	Count-loss 0.5808 (0.4407)	
Epoch: [25][45/90]	Time 10.071 (10.008)	Data 0.143 (0.142)	Loss 15.5099 (19.7934)	Count-loss 0.0577 (0.4403)	
Epoch: [25][50/90]	Time 10.038 (10.014)	Data 0.156 (0.142)	Loss 10.6320 (22.1483)	Count-loss 0.2051 (0.4055)	
Epoch: [25][55/90]	Time 10.086 (10.020)	Data 0.125 (0.142)	Loss 124.5361 (23.1629)	Count-loss 0.0979 (0.3897)	
Epoch: [25][60/90]	Time 10.105 (10.024)	Data 0.127 (0.142)	Loss 14.4559 (22.2221)	Count-loss 0.1248 (0.3810)	
Epoch: [25][65/90]	Time 10.117 (10.029)	Data 0.155 (0.142)	Loss 13.4641 (21.5092)	Count-loss 0.0321 (0.3788)	
Epoch: [25][70/90]	Time 10.046 (10.030)	Data 0.120 (0.140)	Loss 6.3232 (22.4551)	Count-loss 0.1377 (0.3803)	
Epoch: [25][75/90]	Time 10.086 (10.034)	Data 0.152 (0.141)	Loss 49.6724 (23.9713)	Count-loss 0.2206 (0.3690)	
Epoch: [25][80/90]	Time 10.052 (10.036)	Data 0.129 (0.140)	Loss 31.2882 (23.6770)	Count-loss 0.8641 (0.3659)	
Epoch: [25][85/90]	Time 10.117 (10.039)	Data 0.116 (0.139)	Loss 8.2047 (23.1746)	Count-loss 0.3159 (0.3569)	
Epoch: [26][0/90]	Time 6.877 (6.877)	Data 0.165 (0.165)	Loss 16.5614 (16.5614)	Count-loss 0.1914 (0.1914)	
Epoch: [26][5/90]	Time 10.045 (9.526)	Data 0.122 (0.139)	Loss 6.3999 (26.4534)	Count-loss 0.1134 (0.1211)	
Epoch: [26][10/90]	Time 10.047 (9.769)	Data 0.112 (0.135)	Loss 5.4433 (24.3697)	Count-loss 0.3408 (0.1644)	
Epoch: [26][15/90]	Time 10.078 (9.864)	Data 0.124 (0.134)	Loss 39.9257 (22.2109)	Count-loss 0.1341 (0.1591)	
Epoch: [26][20/90]	Time 10.077 (9.912)	Data 0.148 (0.139)	Loss 4.3746 (19.0641)	Count-loss 1.3626 (0.2361)	
Epoch: [26][25/90]	Time 10.046 (9.942)	Data 0.147 (0.139)	Loss 9.2707 (19.2647)	Count-loss 1.0377 (0.2687)	
Epoch: [26][30/90]	Time 10.049 (9.962)	Data 0.122 (0.138)	Loss 12.5571 (19.3333)	Count-loss 0.4049 (0.3157)	
Epoch: [26][35/90]	Time 10.090 (9.982)	Data 0.157 (0.138)	Loss 15.5692 (19.6459)	Count-loss 0.3129 (0.3228)	
Epoch: [26][40/90]	Time 10.097 (9.992)	Data 0.113 (0.137)	Loss 23.3393 (22.9823)	Count-loss 0.0645 (0.3048)	
Epoch: [26][45/90]	Time 10.046 (10.000)	Data 0.162 (0.139)	Loss 5.9755 (21.5523)	Count-loss 0.2234 (0.2828)	
Epoch: [26][50/90]	Time 10.067 (10.007)	Data 0.151 (0.140)	Loss 14.1907 (22.9480)	Count-loss 0.1003 (0.2855)	
Epoch: [26][55/90]	Time 10.076 (10.014)	Data 0.151 (0.139)	Loss 5.7729 (21.5815)	Count-loss 0.6593 (0.3007)	
Epoch: [26][60/90]	Time 10.104 (10.020)	Data 0.157 (0.141)	Loss 29.2294 (21.5222)	Count-loss 0.1359 (0.2981)	
Epoch: [26][65/90]	Time 10.134 (10.024)	Data 0.149 (0.142)	Loss 26.7754 (21.4087)	Count-loss 0.7542 (0.3097)	
Epoch: [26][70/90]	Time 10.094 (10.029)	Data 0.131 (0.143)	Loss 16.2744 (20.9771)	Count-loss 1.9778 (0.3260)	
Epoch: [26][75/90]	Time 10.064 (10.032)	Data 0.111 (0.141)	Loss 5.7171 (21.1594)	Count-loss 0.2331 (0.3218)	
Epoch: [26][80/90]	Time 10.074 (10.034)	Data 0.214 (0.143)	Loss 15.8114 (21.7908)	Count-loss 0.3554 (0.3148)	
Epoch: [26][85/90]	Time 10.050 (10.037)	Data 0.119 (0.143)	Loss 10.4803 (22.0278)	Count-loss 1.2767 (0.3207)	
Epoch: [27][0/90]	Time 6.903 (6.903)	Data 0.182 (0.182)	Loss 7.3687 (7.3687)	Count-loss 0.6058 (0.6058)	
Epoch: [27][5/90]	Time 10.082 (9.544)	Data 0.150 (0.161)	Loss 6.0440 (29.6199)	Count-loss 0.3121 (0.4185)	
Epoch: [27][10/90]	Time 10.086 (9.785)	Data 0.111 (0.148)	Loss 8.1450 (22.0652)	Count-loss 0.1273 (0.3249)	
Epoch: [27][15/90]	Time 10.099 (9.877)	Data 0.162 (0.146)	Loss 17.5572 (28.4370)	Count-loss 0.1785 (0.2704)	
Epoch: [27][20/90]	Time 10.092 (9.925)	Data 0.197 (0.150)	Loss 5.9610 (25.7330)	Count-loss 0.3554 (0.3879)	
Epoch: [27][25/90]	Time 10.116 (9.953)	Data 0.116 (0.143)	Loss 5.4232 (23.5083)	Count-loss 0.9160 (0.3924)	
Epoch: [27][30/90]	Time 10.084 (9.972)	Data 0.154 (0.144)	Loss 17.1772 (22.9616)	Count-loss 0.2685 (0.4607)	
Epoch: [27][35/90]	Time 10.067 (9.987)	Data 0.140 (0.144)	Loss 9.5228 (24.0457)	Count-loss 0.1639 (0.5932)	
Epoch: [27][40/90]	Time 10.048 (9.996)	Data 0.158 (0.143)	Loss 15.6566 (23.4438)	Count-loss 0.2987 (0.5770)	
Epoch: [27][45/90]	Time 10.071 (10.005)	Data 0.146 (0.144)	Loss 9.5942 (22.5551)	Count-loss 0.4296 (0.5569)	
Epoch: [27][50/90]	Time 10.137 (10.013)	Data 0.109 (0.143)	Loss 97.9826 (23.0244)	Count-loss 0.1946 (0.5370)	
Epoch: [27][55/90]	Time 10.119 (10.019)	Data 0.121 (0.141)	Loss 59.4073 (23.4615)	Count-loss 0.1191 (0.5084)	
Epoch: [27][60/90]	Time 10.042 (10.024)	Data 0.158 (0.141)	Loss 13.1245 (22.5049)	Count-loss 0.2336 (0.4854)	
Epoch: [27][65/90]	Time 10.109 (10.029)	Data 0.158 (0.141)	Loss 9.6449 (22.0240)	Count-loss 0.0663 (0.4562)	
Epoch: [27][70/90]	Time 10.091 (10.033)	Data 0.141 (0.142)	Loss 6.6575 (21.6223)	Count-loss 0.0298 (0.4353)	
Epoch: [27][75/90]	Time 10.037 (10.035)	Data 0.124 (0.141)	Loss 9.7534 (21.0143)	Count-loss 0.7282 (0.4297)	
Epoch: [27][80/90]	Time 10.082 (10.038)	Data 0.146 (0.140)	Loss 13.6139 (21.3104)	Count-loss 0.2811 (0.4176)	
Epoch: [27][85/90]	Time 10.078 (10.040)	Data 0.144 (0.140)	Loss 14.8372 (21.2515)	Count-loss 0.1969 (0.3986)	
Epoch: [28][0/90]	Time 6.923 (6.923)	Data 0.196 (0.196)	Loss 53.5637 (53.5637)	Count-loss 0.1359 (0.1359)	
Epoch: [28][5/90]	Time 10.044 (9.536)	Data 0.120 (0.145)	Loss 9.7528 (20.0177)	Count-loss 0.0895 (0.2086)	
Epoch: [28][10/90]	Time 10.034 (9.781)	Data 0.161 (0.146)	Loss 5.3232 (16.9820)	Count-loss 0.0162 (0.2028)	
Epoch: [28][15/90]	Time 10.070 (9.868)	Data 0.144 (0.142)	Loss 21.8038 (22.1257)	Count-loss 6.8782 (0.6782)	
Epoch: [28][20/90]	Time 10.078 (9.926)	Data 0.153 (0.141)	Loss 7.9271 (22.2884)	Count-loss 0.2326 (0.5657)	
Epoch: [28][25/90]	Time 10.039 (9.954)	Data 0.133 (0.141)	Loss 8.1120 (20.4136)	Count-loss 0.3158 (0.4809)	
Epoch: [28][30/90]	Time 10.041 (9.970)	Data 0.115 (0.138)	Loss 23.8344 (19.7124)	Count-loss 0.0264 (0.4191)	
Epoch: [28][35/90]	Time 10.083 (9.982)	Data 0.111 (0.134)	Loss 6.7094 (20.5257)	Count-loss 0.1575 (0.4018)	
